#
# A fatal error has been detected by the Java Runtime Environment:
#
#  SIGSEGV (0xb) at pc=0x0000000127eb4847, pid=14144, tid=120579
#
# JRE version: Java(TM) SE Runtime Environment (8.0_51-b16) (build 1.8.0_51-b16)
# Java VM: Java HotSpot(TM) 64-Bit Server VM (25.51-b03 mixed mode bsd-amd64 compressed oops)
# Problematic frame:
# C  [libmethcla.dylib+0x49847]  Methcla::Audio::AudioOutputConnection::write(Methcla::Audio::Environment const&, unsigned long, float const*, unsigned long)+0x77
#
# Failed to write core dump. Core dumps have been disabled. To enable core dumping, try "ulimit -c unlimited" before starting Java again
#
# If you would like to submit a bug report, please visit:
#   http://bugreport.java.com/bugreport/crash.jsp
#

---------------  T H R E A D  ---------------

Current thread is native thread

siginfo: si_signo: 11 (SIGSEGV), si_code: 1 (SEGV_MAPERR), si_addr: 0x00000000004f62fd

Registers:
RAX=0x00000000004f62fd, RBX=0x00007fdd729fda00, RCX=0x0000000128333ce8, RDX=0x0000000128333ce8
RSP=0x0000700001b73500, RBP=0x0000700001b735c0, RSI=0x00007fdd716d6f80, RDI=0x00000000004f62fd
R8 =0x0000000000000000, R9 =0x0000000000000002, R10=0x0000000000400009, R11=0x0000000000000202
R12=0x00007fdd714aa7a0, R13=0x000000000000000c, R14=0x00007fdd714aa7a0, R15=0x00007fdd714aa970
RIP=0x0000000127eb4847, EFLAGS=0x0000000000010202, ERR=0x0000000000000004
  TRAPNO=0x000000000000000e

Top of Stack: (sp=0x0000700001b73500)
0x0000700001b73500:   0000700001b73780 0000000122da01b0
0x0000700001b73510:   0000700001b73530 0000000127eaa8ed
0x0000700001b73520:   0000700001b73550 0000000128333ce8
0x0000700001b73530:   0000700001b73550 0000000000000013
0x0000700001b73540:   0000000000000013 0000000000000000
0x0000700001b73550:   0000000128334d20 0000000000000200
0x0000700001b73560:   00007fdd716d6f80 0000000128333ce8
0x0000700001b73570:   0000700001b735c0 0000000127eb4a33
0x0000700001b73580:   0000000128333ca0 00007fdd716d6ff0
0x0000700001b73590:   0000700001b735c0 0000000128333ce8
0x0000700001b735a0:   0000000000000000 0000000000000000
0x0000700001b735b0:   00007fdd716d6f80 0000000128333ce8
0x0000700001b735c0:   0000700001b73730 0000000127eb4315
0x0000700001b735d0:   0000000128334d20 0000000000000200
0x0000700001b735e0:   00007fdd716d6f80 0000000128333d20
0x0000700001b735f0:   0000000128333ce8 0000000000000000
0x0000700001b73600:   0000000000000200 00007fdd73c027b8
0x0000700001b73610:   0000000000002001 0000000122da0000
0x0000700001b73620:   0000700001b73728 00007fdd716d7388
0x0000700001b73630:   0000000200b73650 0000000000000000
0x0000700001b73640:   0000000000000013 0000000228332b70
0x0000700001b73650:   00007fdd716d7388 0000000800000002
0x0000700001b73660:   0000000128331000 0000000000000007
0x0000700001b73670:   0000000128332b60 0000000128331000
0x0000700001b73680:   0000700001b736b0 0000000127ec05bc
0x0000700001b73690:   0000000001b736b0 00007fdd716d73c8
0x0000700001b736a0:   0000000000000013 0000000128333d20
0x0000700001b736b0:   0000000128333c20 0000000128333ce8
0x0000700001b736c0:   0000000000000000 0000000127eaa34b
0x0000700001b736d0:   0000000000000000 0000000000000000
0x0000700001b736e0:   0000700001b73710 0000000127eaa308
0x0000700001b736f0:   0000700001b73710 0000700001b73728 

Instructions: (pc=0x0000000127eb4847)
0x0000000127eb4827:   00 00 00 0f 85 bf 00 00 00 48 8b 85 68 ff ff ff
0x0000000127eb4837:   48 89 c7 e8 11 55 04 00 48 89 c7 e8 01 51 04 00
0x0000000127eb4847:   8b 08 48 8b 7d a0 89 8d 64 ff ff ff e8 08 fd fb
0x0000000127eb4857:   ff 8b 8d 64 ff ff ff 39 c1 0f 85 89 00 00 00 48 

Register to memory mapping:

RAX=0x00000000004f62fd is an unknown value
RBX=0x00007fdd729fda00 is an unknown value
RCX=0x0000000128333ce8 is an unknown value
RDX=0x0000000128333ce8 is an unknown value
RSP=0x0000700001b73500 is an unknown value
RBP=0x0000700001b735c0 is an unknown value
RSI=0x00007fdd716d6f80 is an unknown value
RDI=0x00000000004f62fd is an unknown value
R8 =0x0000000000000000 is an unknown value
R9 =0x0000000000000002 is an unknown value
R10=0x0000000000400009 is an unknown value
R11=0x0000000000000202 is an unknown value
R12=0x00007fdd714aa7a0 is an unknown value
R13=0x000000000000000c is an unknown value
R14=0x00007fdd714aa7a0 is an unknown value
R15=0x00007fdd714aa970 is an unknown value


Stack: [0x0000700001af4000,0x0000700001b74000],  sp=0x0000700001b73500,  free space=509k
Native frames: (J=compiled Java code, j=interpreted, Vv=VM code, C=native code)
C  [libmethcla.dylib+0x49847]  Methcla::Audio::AudioOutputConnection::write(Methcla::Audio::Environment const&, unsigned long, float const*, unsigned long)+0x77
C  [libmethcla.dylib+0x49315]  Methcla::Audio::Synth::doProcess(unsigned long)+0x4e5
C  [libmethcla.dylib+0x47b54]  Methcla::Audio::Node::process(unsigned long)+0x44
C  [libmethcla.dylib+0x474a3]  Methcla::Audio::Group::doProcess(unsigned long)+0x43
C  [libmethcla.dylib+0x47b54]  Methcla::Audio::Node::process(unsigned long)+0x44
C  [libmethcla.dylib+0x15208]  Methcla::Audio::EnvironmentImpl::process(double, unsigned long, float const* const*, float* const*)+0x3b8
C  [libmethcla.dylib+0x972a]  Methcla::Audio::Environment::process(double, unsigned long, float const* const*, float* const*)+0x3a
C  [libmethcla.dylib+0x51aa2]  Methcla_Engine::processCallback(void*, double, unsigned long, float const* const*, float* const*)+0x52
C  [libmethcla.dylib+0x4793e]  Methcla::Audio::IO::Driver::process(double, unsigned long, float const* const*, float* const*)+0x5e
C  [libmethcla.dylib+0x6f1c5]  Methcla::Audio::IO::RtAudioDriver::process(float*, float const*, unsigned int, double)+0x1f5
C  [libmethcla.dylib+0x6e896]  Methcla::Audio::IO::RtAudioDriver::processCallback(void*, void*, unsigned int, double, unsigned int, void*)+0x46
C  [libmethcla.dylib+0x821a2]  RtApiCore::callbackEvent(unsigned int, AudioBufferList const*, AudioBufferList const*)+0x282
C  [libmethcla.dylib+0x8061e]  callbackHandler(unsigned int, AudioTimeStamp const*, AudioBufferList const*, AudioTimeStamp const*, AudioBufferList*, AudioTimeStamp const*, void*)+0x4e
C  [CoreAudio+0x28c13]  HALC_ProxyIOContext::IOWorkLoop()+0x9e7
C  [CoreAudio+0x2815e]  HALC_ProxyIOContext::IOThreadEntry(void*)+0x58
C  [CoreAudio+0x28033]  HALB_IOThread::Entry(void*)+0x4b
C  [libsystem_pthread.dylib+0x399d]  _pthread_body+0x83
C  [libsystem_pthread.dylib+0x391a]  _pthread_body+0x0
C  [libsystem_pthread.dylib+0x1351]  thread_start+0xd


---------------  P R O C E S S  ---------------

VM state:not at safepoint (normal execution)

VM Mutex/Monitor currently owned by a thread: None

Heap:
 PSYoungGen      total 18944K, used 9091K [0x00000007aab00000, 0x00000007ac000000, 0x00000007c0000000)
  eden space 16384K, 39% used [0x00000007aab00000,0x00000007ab165738,0x00000007abb00000)
  from space 2560K, 99% used [0x00000007abb00000,0x00000007abd7b5f8,0x00000007abd80000)
  to   space 2560K, 0% used [0x00000007abd80000,0x00000007abd80000,0x00000007ac000000)
 ParOldGen       total 44032K, used 3117K [0x0000000780000000, 0x0000000782b00000, 0x00000007aab00000)
  object space 44032K, 7% used [0x0000000780000000,0x000000078030b758,0x0000000782b00000)
 Metaspace       used 11749K, capacity 11908K, committed 12160K, reserved 1060864K
  class space    used 1331K, capacity 1407K, committed 1408K, reserved 1048576K

Card table byte_map: [0x000000011a3c0000,0x000000011a5c1000] byte_map_base: 0x00000001167c0000

Marking Bits: (ParMarkBitMap*) 0x000000010a0347a0
 Begin Bits: [0x000000011a717000, 0x000000011b717000)
 End Bits:   [0x000000011b717000, 0x000000011c717000)

Polling page: 0x000000010a722000

CodeCache: size=245760Kb used=2712Kb max_used=2712Kb free=243047Kb
 bounds [0x000000010b000000, 0x000000010b2b0000, 0x000000011a000000]
 total_blobs=1183 nmethods=620 adapters=477
 compilation: enabled

Compilation events (10 events):
Event: 3.574 Thread 0x00007fdd73014000  615       3       java.util.concurrent.locks.AbstractOwnableSynchronizer::setExclusiveOwnerThread (6 bytes)
Event: 3.575 Thread 0x00007fdd73014000 nmethod 615 0x000000010b2a1a90 code [0x000000010b2a1be0, 0x000000010b2a1d50]
Event: 3.603 Thread 0x00007fdd73014000  616       3       sun.java2d.pipe.AlphaColorPipe::renderPathTile (39 bytes)
Event: 3.604 Thread 0x00007fdd73014000 nmethod 616 0x000000010b2a4310 code [0x000000010b2a4480, 0x000000010b2a48a8]
Event: 3.604 Thread 0x00007fdd73014000  618  s    3       sun.font.CStrike$GlyphInfoCache::get (84 bytes)
Event: 3.605 Thread 0x00007fdd73014000 nmethod 618 0x000000010b2a4a10 code [0x000000010b2a4c00, 0x000000010b2a56f8]
Event: 3.637 Thread 0x00007fdd73014000  619  s    3       sun.font.CCharToGlyphMapper$Cache::get (74 bytes)
Event: 3.638 Thread 0x00007fdd73014000 nmethod 619 0x000000010b2a5a90 code [0x000000010b2a5c80, 0x000000010b2a67d8]
Event: 3.667 Thread 0x00007fdd73014000  620       3       sun.awt.SunHints$Key::getIndex (5 bytes)
Event: 3.667 Thread 0x00007fdd73014000 nmethod 620 0x000000010b2a6c10 code [0x000000010b2a6d80, 0x000000010b2a6f70]

GC Heap History (2 events):
Event: 1.823 GC heap before
{Heap before GC invocations=1 (full 0):
 PSYoungGen      total 18944K, used 16384K [0x00000007aab00000, 0x00000007ac000000, 0x00000007c0000000)
  eden space 16384K, 100% used [0x00000007aab00000,0x00000007abb00000,0x00000007abb00000)
  from space 2560K, 0% used [0x00000007abd80000,0x00000007abd80000,0x00000007ac000000)
  to   space 2560K, 0% used [0x00000007abb00000,0x00000007abb00000,0x00000007abd80000)
 ParOldGen       total 44032K, used 0K [0x0000000780000000, 0x0000000782b00000, 0x00000007aab00000)
  object space 44032K, 0% used [0x0000000780000000,0x0000000780000000,0x0000000782b00000)
 Metaspace       used 10681K, capacity 10852K, committed 11136K, reserved 1058816K
  class space    used 1211K, capacity 1311K, committed 1408K, reserved 1048576K
Event: 1.832 GC heap after
Heap after GC invocations=1 (full 0):
 PSYoungGen      total 18944K, used 2541K [0x00000007aab00000, 0x00000007ac000000, 0x00000007c0000000)
  eden space 16384K, 0% used [0x00000007aab00000,0x00000007aab00000,0x00000007abb00000)
  from space 2560K, 99% used [0x00000007abb00000,0x00000007abd7b5f8,0x00000007abd80000)
  to   space 2560K, 0% used [0x00000007abd80000,0x00000007abd80000,0x00000007ac000000)
 ParOldGen       total 44032K, used 3117K [0x0000000780000000, 0x0000000782b00000, 0x00000007aab00000)
  object space 44032K, 7% used [0x0000000780000000,0x000000078030b758,0x0000000782b00000)
 Metaspace       used 10681K, capacity 10852K, committed 11136K, reserved 1058816K
  class space    used 1211K, capacity 1311K, committed 1408K, reserved 1048576K
}

Deoptimization events (1 events):
Event: 0.342 Thread 0x00007fdd71808800 Uncommon trap: reason=unstable_if action=reinterpret pc=0x000000010b12706c method=java.lang.String.hashCode()I @ 14

Internal exceptions (10 events):
Event: 0.294 Thread 0x00007fdd71808800 Exception <a 'java/security/PrivilegedActionException'> (0x00000007aac9a6a0) thrown at [/Users/java_re/workspace/8-2-build-macosx-x86_64/jdk8u51/3951/hotspot/src/share/vm/prims/jvm.cpp, line 1382]
Event: 0.455 Thread 0x00007fdd71808800 Exception <a 'java/security/PrivilegedActionException'> (0x00000007aadf25f8) thrown at [/Users/java_re/workspace/8-2-build-macosx-x86_64/jdk8u51/3951/hotspot/src/share/vm/prims/jvm.cpp, line 1382]
Event: 0.455 Thread 0x00007fdd71808800 Exception <a 'java/security/PrivilegedActionException'> (0x00000007aadf27b0) thrown at [/Users/java_re/workspace/8-2-build-macosx-x86_64/jdk8u51/3951/hotspot/src/share/vm/prims/jvm.cpp, line 1382]
Event: 0.456 Thread 0x00007fdd71808800 Exception <a 'java/security/PrivilegedActionException'> (0x00000007aadf5b30) thrown at [/Users/java_re/workspace/8-2-build-macosx-x86_64/jdk8u51/3951/hotspot/src/share/vm/prims/jvm.cpp, line 1382]
Event: 0.456 Thread 0x00007fdd71808800 Exception <a 'java/security/PrivilegedActionException'> (0x00000007aadf5ce8) thrown at [/Users/java_re/workspace/8-2-build-macosx-x86_64/jdk8u51/3951/hotspot/src/share/vm/prims/jvm.cpp, line 1382]
Event: 0.689 Thread 0x00007fdd71808800 Exception <a 'java/io/FileNotFoundException'> (0x00000007aadfb948) thrown at [/Users/java_re/workspace/8-2-build-macosx-x86_64/jdk8u51/3951/hotspot/src/share/vm/prims/jni.cpp, line 709]
Event: 0.689 Thread 0x00007fdd71808800 Exception <a 'java/io/FileNotFoundException'> (0x00000007aadfc4a8) thrown at [/Users/java_re/workspace/8-2-build-macosx-x86_64/jdk8u51/3951/hotspot/src/share/vm/prims/jni.cpp, line 709]
Event: 0.778 Thread 0x00007fdd718a2800 Exception <a 'java/lang/NoSuchFieldError': method resolution failed> (0x00000007ab03e8f8) thrown at [/Users/java_re/workspace/8-2-build-macosx-x86_64/jdk8u51/3951/hotspot/src/share/vm/prims/methodHandles.cpp, line 1125]
Event: 0.782 Thread 0x00007fdd718a2800 Exception <a 'java/lang/NoSuchFieldError': method resolution failed> (0x00000007ab04cf98) thrown at [/Users/java_re/workspace/8-2-build-macosx-x86_64/jdk8u51/3951/hotspot/src/share/vm/prims/methodHandles.cpp, line 1125]
Event: 1.836 Thread 0x00007fdd72005000 Exception <a 'java/lang/NullPointerException'> (0x00000007aaf27df0) thrown at [/Users/java_re/workspace/8-2-build-macosx-x86_64/jdk8u51/3951/hotspot/src/share/vm/interpreter/linkResolver.cpp, line 1178]

Events (10 events):
Event: 3.251 loading class sun/font/CStrike$GlyphInfoCache
Event: 3.251 loading class sun/font/CStrikeDisposer
Event: 3.251 loading class sun/font/CStrikeDisposer done
Event: 3.251 loading class sun/font/CStrike$GlyphInfoCache done
Event: 3.251 loading class sun/font/CStrike$GlyphAdvanceCache
Event: 3.252 loading class sun/font/CStrike$GlyphAdvanceCache done
Event: 3.252 loading class sun/font/CCharToGlyphMapper
Event: 3.252 loading class sun/font/CCharToGlyphMapper done
Event: 3.252 loading class sun/font/CCharToGlyphMapper$Cache
Event: 3.252 loading class sun/font/CCharToGlyphMapper$Cache done


Dynamic libraries:
0x0000000007800000 	/System/Library/Frameworks/Cocoa.framework/Versions/A/Cocoa
0x0000000007800000 	/System/Library/Frameworks/Security.framework/Versions/A/Security
0x0000000007800000 	/System/Library/Frameworks/ApplicationServices.framework/Versions/A/ApplicationServices
0x0000000007800000 	/usr/lib/libz.1.dylib
0x0000000007800000 	/usr/lib/libSystem.B.dylib
0x0000000007800000 	/usr/lib/libobjc.A.dylib
0x0000000007800000 	/System/Library/Frameworks/CoreFoundation.framework/Versions/A/CoreFoundation
0x0000000007800000 	/System/Library/Frameworks/Foundation.framework/Versions/C/Foundation
0x0000000007800000 	/System/Library/Frameworks/AppKit.framework/Versions/C/AppKit
0x0000000007800000 	/System/Library/Frameworks/CoreData.framework/Versions/A/CoreData
0x0000000007800000 	/System/Library/PrivateFrameworks/RemoteViewServices.framework/Versions/A/RemoteViewServices
0x0000000007800000 	/System/Library/PrivateFrameworks/UIFoundation.framework/Versions/A/UIFoundation
0x0000000007800000 	/usr/lib/libScreenReader.dylib
0x0000000007800000 	/System/Library/Frameworks/Accelerate.framework/Versions/A/Accelerate
0x0000000007800000 	/System/Library/Frameworks/IOSurface.framework/Versions/A/IOSurface
0x0000000007800000 	/System/Library/Frameworks/AudioToolbox.framework/Versions/A/AudioToolbox
0x0000000007800000 	/System/Library/Frameworks/AudioUnit.framework/Versions/A/AudioUnit
0x0000000007800000 	/System/Library/PrivateFrameworks/DataDetectorsCore.framework/Versions/A/DataDetectorsCore
0x0000000007800000 	/System/Library/PrivateFrameworks/DesktopServicesPriv.framework/Versions/A/DesktopServicesPriv
0x0000000007800000 	/System/Library/Frameworks/Carbon.framework/Versions/A/Frameworks/HIToolbox.framework/Versions/A/HIToolbox
0x0000000007800000 	/System/Library/Frameworks/QuartzCore.framework/Versions/A/QuartzCore
0x0000000007800000 	/System/Library/Frameworks/Carbon.framework/Versions/A/Frameworks/SpeechRecognition.framework/Versions/A/SpeechRecognition
0x0000000007800000 	/usr/lib/libauto.dylib
0x0000000007800000 	/usr/lib/libicucore.A.dylib
0x0000000007800000 	/usr/lib/libxml2.2.dylib
0x0000000007800000 	/System/Library/PrivateFrameworks/CoreUI.framework/Versions/A/CoreUI
0x0000000007800000 	/System/Library/Frameworks/CoreAudio.framework/Versions/A/CoreAudio
0x0000000007800000 	/System/Library/Frameworks/DiskArbitration.framework/Versions/A/DiskArbitration
0x0000000007800000 	/usr/lib/liblangid.dylib
0x0000000007800000 	/System/Library/PrivateFrameworks/MultitouchSupport.framework/Versions/A/MultitouchSupport
0x0000000007800000 	/System/Library/Frameworks/IOKit.framework/Versions/A/IOKit
0x0000000007800000 	/usr/lib/libDiagnosticMessagesClient.dylib
0x0000000007800000 	/System/Library/Frameworks/CoreServices.framework/Versions/A/CoreServices
0x0000000007800000 	/System/Library/PrivateFrameworks/PerformanceAnalysis.framework/Versions/A/PerformanceAnalysis
0x0000000007800000 	/System/Library/PrivateFrameworks/GenerationalStorage.framework/Versions/A/GenerationalStorage
0x0000000007800000 	/System/Library/Frameworks/OpenGL.framework/Versions/A/OpenGL
0x0000000007800000 	/System/Library/PrivateFrameworks/Sharing.framework/Versions/A/Sharing
0x0000000007800000 	/System/Library/Frameworks/CoreGraphics.framework/Versions/A/CoreGraphics
0x0000000007800000 	/System/Library/Frameworks/CoreImage.framework/Versions/A/CoreImage
0x0000000007800000 	/System/Library/Frameworks/CoreText.framework/Versions/A/CoreText
0x0000000007800000 	/System/Library/Frameworks/ImageIO.framework/Versions/A/ImageIO
0x0000000007800000 	/System/Library/PrivateFrameworks/Backup.framework/Versions/A/Backup
0x0000000007800000 	/usr/lib/libextension.dylib
0x0000000007800000 	/usr/lib/libarchive.2.dylib
0x0000000007800000 	/System/Library/Frameworks/CFNetwork.framework/Versions/A/CFNetwork
0x0000000007800000 	/System/Library/Frameworks/SystemConfiguration.framework/Versions/A/SystemConfiguration
0x0000000007800000 	/usr/lib/libCRFSuite.dylib
0x0000000007800000 	/usr/lib/libc++.1.dylib
0x0000000007800000 	/usr/lib/libc++abi.dylib
0x0000000007800000 	/usr/lib/system/libcache.dylib
0x0000000007800000 	/usr/lib/system/libcommonCrypto.dylib
0x0000000007800000 	/usr/lib/system/libcompiler_rt.dylib
0x0000000007800000 	/usr/lib/system/libcopyfile.dylib
0x0000000007800000 	/usr/lib/system/libcorecrypto.dylib
0x0000000007800000 	/usr/lib/system/libdispatch.dylib
0x0000000007800000 	/usr/lib/system/libdyld.dylib
0x0000000007800000 	/usr/lib/system/libkeymgr.dylib
0x0000000007800000 	/usr/lib/system/liblaunch.dylib
0x0000000007800000 	/usr/lib/system/libmacho.dylib
0x0000000007800000 	/usr/lib/system/libquarantine.dylib
0x0000000007800000 	/usr/lib/system/libremovefile.dylib
0x0000000007800000 	/usr/lib/system/libsystem_asl.dylib
0x0000000007800000 	/usr/lib/system/libsystem_blocks.dylib
0x0000000007800000 	/usr/lib/system/libsystem_c.dylib
0x0000000007800000 	/usr/lib/system/libsystem_configuration.dylib
0x0000000007800000 	/usr/lib/system/libsystem_coreservices.dylib
0x0000000007800000 	/usr/lib/system/libsystem_coretls.dylib
0x0000000007800000 	/usr/lib/system/libsystem_dnssd.dylib
0x0000000007800000 	/usr/lib/system/libsystem_info.dylib
0x0000000007800000 	/usr/lib/system/libsystem_kernel.dylib
0x0000000007800000 	/usr/lib/system/libsystem_m.dylib
0x0000000007800000 	/usr/lib/system/libsystem_malloc.dylib
0x0000000007800000 	/usr/lib/system/libsystem_network.dylib
0x0000000007800000 	/usr/lib/system/libsystem_networkextension.dylib
0x0000000007800000 	/usr/lib/system/libsystem_notify.dylib
0x0000000007800000 	/usr/lib/system/libsystem_platform.dylib
0x0000000007800000 	/usr/lib/system/libsystem_pthread.dylib
0x0000000007800000 	/usr/lib/system/libsystem_sandbox.dylib
0x0000000007800000 	/usr/lib/system/libsystem_secinit.dylib
0x0000000007800000 	/usr/lib/system/libsystem_trace.dylib
0x0000000007800000 	/usr/lib/system/libunc.dylib
0x0000000007800000 	/usr/lib/system/libunwind.dylib
0x0000000007800000 	/usr/lib/system/libxpc.dylib
0x0000000007800000 	/usr/lib/libenergytrace.dylib
0x0000000007800000 	/usr/lib/libbsm.0.dylib
0x0000000007800000 	/usr/lib/system/libkxld.dylib
0x0000000007800000 	/usr/lib/libxar.1.dylib
0x0000000007800000 	/usr/lib/libsqlite3.dylib
0x0000000007800000 	/usr/lib/libpam.2.dylib
0x0000000007800000 	/usr/lib/libOpenScriptingUtil.dylib
0x0000000007800000 	/usr/lib/libbz2.1.0.dylib
0x0000000007800000 	/usr/lib/liblzma.5.dylib
0x0000000007800000 	/System/Library/Frameworks/CoreServices.framework/Versions/A/Frameworks/FSEvents.framework/Versions/A/FSEvents
0x0000000007800000 	/System/Library/Frameworks/CoreServices.framework/Versions/A/Frameworks/CarbonCore.framework/Versions/A/CarbonCore
0x0000000007800000 	/System/Library/Frameworks/CoreServices.framework/Versions/A/Frameworks/Metadata.framework/Versions/A/Metadata
0x0000000007800000 	/System/Library/Frameworks/CoreServices.framework/Versions/A/Frameworks/OSServices.framework/Versions/A/OSServices
0x0000000007800000 	/System/Library/Frameworks/CoreServices.framework/Versions/A/Frameworks/SearchKit.framework/Versions/A/SearchKit
0x0000000007800000 	/System/Library/Frameworks/CoreServices.framework/Versions/A/Frameworks/AE.framework/Versions/A/AE
0x0000000007800000 	/System/Library/Frameworks/CoreServices.framework/Versions/A/Frameworks/LaunchServices.framework/Versions/A/LaunchServices
0x0000000007800000 	/System/Library/Frameworks/CoreServices.framework/Versions/A/Frameworks/DictionaryServices.framework/Versions/A/DictionaryServices
0x0000000007800000 	/System/Library/Frameworks/CoreServices.framework/Versions/A/Frameworks/SharedFileList.framework/Versions/A/SharedFileList
0x0000000007800000 	/System/Library/Frameworks/NetFS.framework/Versions/A/NetFS
0x0000000007800000 	/System/Library/PrivateFrameworks/NetAuth.framework/Versions/A/NetAuth
0x0000000007800000 	/System/Library/PrivateFrameworks/login.framework/Versions/A/Frameworks/loginsupport.framework/Versions/A/loginsupport
0x0000000007800000 	/System/Library/PrivateFrameworks/TCC.framework/Versions/A/TCC
0x0000000007800000 	/usr/lib/libmecabra.dylib
0x0000000007800000 	/System/Library/Frameworks/ApplicationServices.framework/Versions/A/Frameworks/ATS.framework/Versions/A/ATS
0x0000000007800000 	/System/Library/Frameworks/ApplicationServices.framework/Versions/A/Frameworks/ColorSync.framework/Versions/A/ColorSync
0x0000000007800000 	/System/Library/Frameworks/ApplicationServices.framework/Versions/A/Frameworks/HIServices.framework/Versions/A/HIServices
0x0000000007800000 	/System/Library/Frameworks/ApplicationServices.framework/Versions/A/Frameworks/LangAnalysis.framework/Versions/A/LangAnalysis
0x0000000007800000 	/System/Library/Frameworks/ApplicationServices.framework/Versions/A/Frameworks/PrintCore.framework/Versions/A/PrintCore
0x0000000007800000 	/System/Library/Frameworks/ApplicationServices.framework/Versions/A/Frameworks/QD.framework/Versions/A/QD
0x0000000007800000 	/System/Library/Frameworks/ApplicationServices.framework/Versions/A/Frameworks/SpeechSynthesis.framework/Versions/A/SpeechSynthesis
0x0000000007800000 	/System/Library/Frameworks/Metal.framework/Versions/A/Metal
0x0000000007800000 	/System/Library/Frameworks/Accelerate.framework/Versions/A/Frameworks/vImage.framework/Versions/A/vImage
0x0000000007800000 	/System/Library/Frameworks/Accelerate.framework/Versions/A/Frameworks/vecLib.framework/Versions/A/vecLib
0x0000000007800000 	/System/Library/Frameworks/Accelerate.framework/Versions/A/Frameworks/vecLib.framework/Versions/A/libvDSP.dylib
0x0000000007800000 	/System/Library/Frameworks/Accelerate.framework/Versions/A/Frameworks/vecLib.framework/Versions/A/libvMisc.dylib
0x0000000007800000 	/System/Library/Frameworks/Accelerate.framework/Versions/A/Frameworks/vecLib.framework/Versions/A/libLAPACK.dylib
0x0000000007800000 	/System/Library/Frameworks/Accelerate.framework/Versions/A/Frameworks/vecLib.framework/Versions/A/libBLAS.dylib
0x0000000007800000 	/System/Library/Frameworks/Accelerate.framework/Versions/A/Frameworks/vecLib.framework/Versions/A/libLinearAlgebra.dylib
0x0000000007800000 	/System/Library/Frameworks/Accelerate.framework/Versions/A/Frameworks/vecLib.framework/Versions/A/libSparseBLAS.dylib
0x0000000007800000 	/System/Library/PrivateFrameworks/GPUCompiler.framework/libmetal_timestamp.dylib
0x0000000007800000 	/System/Library/Frameworks/OpenGL.framework/Versions/A/Libraries/libCoreFSCache.dylib
0x0000000007800000 	/System/Library/PrivateFrameworks/IOAccelerator.framework/Versions/A/IOAccelerator
0x0000000007800000 	/System/Library/Frameworks/ApplicationServices.framework/Versions/A/Frameworks/ATS.framework/Versions/A/Resources/libFontParser.dylib
0x0000000007800000 	/System/Library/Frameworks/ApplicationServices.framework/Versions/A/Frameworks/ATS.framework/Versions/A/Resources/libFontRegistry.dylib
0x0000000007800000 	/System/Library/PrivateFrameworks/AppleVPA.framework/Versions/A/AppleVPA
0x0000000007800000 	/System/Library/PrivateFrameworks/AppleJPEG.framework/Versions/A/AppleJPEG
0x0000000007800000 	/System/Library/Frameworks/ImageIO.framework/Versions/A/Resources/libJPEG.dylib
0x0000000007800000 	/System/Library/Frameworks/ImageIO.framework/Versions/A/Resources/libTIFF.dylib
0x0000000007800000 	/System/Library/Frameworks/ImageIO.framework/Versions/A/Resources/libPng.dylib
0x0000000007800000 	/System/Library/Frameworks/ImageIO.framework/Versions/A/Resources/libGIF.dylib
0x0000000007800000 	/System/Library/Frameworks/ImageIO.framework/Versions/A/Resources/libJP2.dylib
0x0000000007800000 	/System/Library/Frameworks/ImageIO.framework/Versions/A/Resources/libRadiance.dylib
0x0000000007800000 	/System/Library/Frameworks/CoreVideo.framework/Versions/A/CoreVideo
0x0000000007800000 	/System/Library/Frameworks/OpenGL.framework/Versions/A/Libraries/libGLU.dylib
0x0000000007800000 	/System/Library/Frameworks/OpenGL.framework/Versions/A/Libraries/libGFXShared.dylib
0x0000000007800000 	/System/Library/Frameworks/OpenGL.framework/Versions/A/Libraries/libGL.dylib
0x0000000007800000 	/System/Library/Frameworks/OpenGL.framework/Versions/A/Libraries/libGLImage.dylib
0x0000000007800000 	/System/Library/Frameworks/OpenGL.framework/Versions/A/Libraries/libCVMSPluginSupport.dylib
0x0000000007800000 	/System/Library/Frameworks/OpenGL.framework/Versions/A/Libraries/libCoreVMClient.dylib
0x0000000007800000 	/usr/lib/libcompression.dylib
0x0000000007800000 	/usr/lib/libcups.2.dylib
0x0000000007800000 	/System/Library/Frameworks/Kerberos.framework/Versions/A/Kerberos
0x0000000007800000 	/System/Library/Frameworks/GSS.framework/Versions/A/GSS
0x0000000007800000 	/usr/lib/libresolv.9.dylib
0x0000000007800000 	/usr/lib/libiconv.2.dylib
0x0000000007800000 	/System/Library/PrivateFrameworks/Heimdal.framework/Versions/A/Heimdal
0x0000000007800000 	/usr/lib/libheimdal-asn1.dylib
0x0000000007800000 	/System/Library/Frameworks/OpenDirectory.framework/Versions/A/OpenDirectory
0x0000000007800000 	/System/Library/PrivateFrameworks/CommonAuth.framework/Versions/A/CommonAuth
0x0000000007800000 	/System/Library/Frameworks/OpenDirectory.framework/Versions/A/Frameworks/CFOpenDirectory.framework/Versions/A/CFOpenDirectory
0x0000000007800000 	/System/Library/Frameworks/SecurityFoundation.framework/Versions/A/SecurityFoundation
0x0000000007800000 	/System/Library/PrivateFrameworks/LanguageModeling.framework/Versions/A/LanguageModeling
0x0000000007800000 	/usr/lib/libmarisa.dylib
0x0000000007800000 	/usr/lib/libChineseTokenizer.dylib
0x0000000007800000 	/usr/lib/libcmph.dylib
0x0000000007800000 	/System/Library/Frameworks/ServiceManagement.framework/Versions/A/ServiceManagement
0x0000000007800000 	/usr/lib/libxslt.1.dylib
0x0000000007800000 	/System/Library/Frameworks/Carbon.framework/Versions/A/Frameworks/Ink.framework/Versions/A/Ink
0x0000000007800000 	/usr/lib/libFosl_dynamic.dylib
0x0000000007800000 	/System/Library/PrivateFrameworks/FaceCore.framework/Versions/A/FaceCore
0x0000000007800000 	/System/Library/Frameworks/OpenCL.framework/Versions/A/OpenCL
0x0000000007800000 	/System/Library/PrivateFrameworks/CrashReporterSupport.framework/Versions/A/CrashReporterSupport
0x0000000007800000 	/System/Library/PrivateFrameworks/IconServices.framework/Versions/A/IconServices
0x0000000007800000 	/System/Library/PrivateFrameworks/Apple80211.framework/Versions/A/Apple80211
0x0000000007800000 	/System/Library/Frameworks/CoreWLAN.framework/Versions/A/CoreWLAN
0x0000000007800000 	/System/Library/Frameworks/IOBluetooth.framework/Versions/A/IOBluetooth
0x0000000007800000 	/System/Library/PrivateFrameworks/CoreWiFi.framework/Versions/A/CoreWiFi
0x0000000007800000 	/System/Library/Frameworks/CoreBluetooth.framework/Versions/A/CoreBluetooth
0x0000000007800000 	/System/Library/PrivateFrameworks/ChunkingLibrary.framework/Versions/A/ChunkingLibrary
0x0000000007800000 	/System/Library/PrivateFrameworks/DebugSymbols.framework/Versions/A/DebugSymbols
0x0000000007800000 	/System/Library/PrivateFrameworks/CoreSymbolication.framework/Versions/A/CoreSymbolication
0x0000000007800000 	/System/Library/PrivateFrameworks/Symbolication.framework/Versions/A/Symbolication
0x0000000007800000 	/System/Library/PrivateFrameworks/SpeechRecognitionCore.framework/Versions/A/SpeechRecognitionCore
0x000000004ee20000 	/System/Library/CoreServices/Encodings/libJapaneseConverter.dylib
0x0000000109772000 	/Library/Java/JavaVirtualMachines/jdk1.8.0_51.jdk/Contents/Home/jre/lib/server/libjvm.dylib
0x0000000007800000 	/usr/lib/libstdc++.6.dylib
0x000000010a6df000 	/Library/Java/JavaVirtualMachines/jdk1.8.0_51.jdk/Contents/Home/jre/lib/libverify.dylib
0x000000010a6ed000 	/Library/Java/JavaVirtualMachines/jdk1.8.0_51.jdk/Contents/Home/jre/lib/libjava.dylib
0x000000010a72c000 	/Library/Java/JavaVirtualMachines/jdk1.8.0_51.jdk/Contents/Home/jre/lib/libzip.dylib
0x000000011e343000 	/System/Library/Frameworks/JavaVM.framework/Frameworks/JavaRuntimeSupport.framework/JavaRuntimeSupport
0x000000011e35e000 	/System/Library/Frameworks/JavaVM.framework/Versions/A/Frameworks/JavaNativeFoundation.framework/Versions/A/JavaNativeFoundation
0x000000010a7ed000 	/System/Library/Frameworks/JavaVM.framework/Versions/A/JavaVM
0x0000000007800000 	/System/Library/Frameworks/Carbon.framework/Versions/A/Carbon
0x000000011e373000 	/System/Library/PrivateFrameworks/JavaLaunching.framework/Versions/A/JavaLaunching
0x0000000007800000 	/System/Library/Frameworks/Carbon.framework/Versions/A/Frameworks/CommonPanels.framework/Versions/A/CommonPanels
0x0000000007800000 	/System/Library/Frameworks/Carbon.framework/Versions/A/Frameworks/Help.framework/Versions/A/Help
0x0000000007800000 	/System/Library/Frameworks/Carbon.framework/Versions/A/Frameworks/ImageCapture.framework/Versions/A/ImageCapture
0x0000000007800000 	/System/Library/Frameworks/Carbon.framework/Versions/A/Frameworks/OpenScripting.framework/Versions/A/OpenScripting
0x0000000007800000 	/System/Library/Frameworks/Carbon.framework/Versions/A/Frameworks/Print.framework/Versions/A/Print
0x0000000007800000 	/System/Library/Frameworks/Carbon.framework/Versions/A/Frameworks/SecurityHI.framework/Versions/A/SecurityHI
0x000000011fe24000 	/Applications/IntelliJ IDEA.app/Contents/bin/libbreakgen64.jnilib
0x000000011fe27000 	/Library/Java/JavaVirtualMachines/jdk1.8.0_51.jdk/Contents/Home/jre/lib/libnet.dylib
0x000000011fea9000 	/Library/Java/JavaVirtualMachines/jdk1.8.0_51.jdk/Contents/Home/jre/lib/libawt.dylib
0x000000011ff51000 	/Library/Java/JavaVirtualMachines/jdk1.8.0_51.jdk/Contents/Home/jre/lib/./libmlib_image.dylib
0x000000012001d000 	/Library/Java/JavaVirtualMachines/jdk1.8.0_51.jdk/Contents/Home/jre/lib/libawt_lwawt.dylib
0x00000001200d1000 	/Library/Java/JavaVirtualMachines/jdk1.8.0_51.jdk/Contents/Home/jre/lib/./libosxapp.dylib
0x0000000007800000 	/System/Library/Frameworks/ExceptionHandling.framework/Versions/A/ExceptionHandling
0x0000000007800000 	/System/Library/PrivateFrameworks/CoreServicesInternal.framework/Versions/A/CoreServicesInternal
0x0000000007800000 	/System/Library/Frameworks/CoreGraphics.framework/Versions/A/Resources/libRIP.A.dylib
0x0000000007800000 	/System/Library/Frameworks/Accelerate.framework/Versions/A/Frameworks/vImage.framework/Versions/A/Libraries/libCGInterfaces.dylib
0x0000000007800000 	/System/Library/Frameworks/CoreGraphics.framework/Versions/A/Resources/libCGXType.A.dylib
0x0000000007800000 	/System/Library/Frameworks/OpenCL.framework/Versions/A/Libraries/libcldcpuengine.dylib
0x0000000007800000 	/System/Library/PrivateFrameworks/DiskImages.framework/Versions/A/DiskImages
0x0000000007800000 	/System/Library/Frameworks/DiscRecording.framework/Versions/A/DiscRecording
0x0000000007800000 	/usr/lib/libcsfde.dylib
0x0000000007800000 	/usr/lib/libcurl.4.dylib
0x0000000007800000 	/System/Library/PrivateFrameworks/MediaKit.framework/Versions/A/MediaKit
0x0000000007800000 	/System/Library/PrivateFrameworks/ProtectedCloudStorage.framework/Versions/A/ProtectedCloudStorage
0x0000000007800000 	/usr/lib/libCoreStorage.dylib
0x0000000007800000 	/System/Library/PrivateFrameworks/EFILogin.framework/Versions/A/EFILogin
0x0000000007800000 	/usr/lib/libutil.dylib
0x0000000007800000 	/System/Library/PrivateFrameworks/FindMyDevice.framework/Versions/A/FindMyDevice
0x0000000007800000 	/System/Library/Frameworks/LDAP.framework/Versions/A/LDAP
0x0000000007800000 	/usr/lib/libsasl2.2.dylib
0x0000000007800000 	/System/Library/PrivateFrameworks/CoreDaemon.framework/Versions/B/CoreDaemon
0x0000000007800000 	/usr/lib/libcrypto.0.9.8.dylib
0x0000000007800000 	/System/Library/PrivateFrameworks/AppleSRP.framework/Versions/A/AppleSRP
0x0000000007800000 	/System/Library/PrivateFrameworks/TrustEvaluationAgent.framework/Versions/A/TrustEvaluationAgent
0x0000000121c74000 	cl_kernels
0x0000000007800000 	/System/Library/Frameworks/OpenCL.framework/Versions/A/Libraries/ImageFormats/unorm8_bgra.dylib
0x0000000007800000 	/System/Library/Frameworks/OpenCL.framework/Versions/A/Libraries/ImageFormats/unorm8_rgba.dylib
0x0000000007800000 	/System/Library/PrivateFrameworks/FamilyControls.framework/Versions/A/FamilyControls
0x0000000007800000 	/System/Library/PrivateFrameworks/CommerceKit.framework/Versions/A/Frameworks/CommerceCore.framework/Versions/A/CommerceCore
0x0000000007800000 	/System/Library/PrivateFrameworks/SystemAdministration.framework/Versions/A/SystemAdministration
0x0000000007800000 	/System/Library/PrivateFrameworks/AppContainer.framework/Versions/A/AppContainer
0x0000000007800000 	/System/Library/PrivateFrameworks/SecCodeWrapper.framework/Versions/A/SecCodeWrapper
0x0000000007800000 	/System/Library/Frameworks/DirectoryService.framework/Versions/A/DirectoryService
0x0000000007800000 	/System/Library/PrivateFrameworks/LoginUIKit.framework/Versions/A/Frameworks/LoginUICore.framework/Versions/A/LoginUICore
0x0000000007800000 	/usr/lib/libodfde.dylib
0x0000000122d08000 	/Library/Java/JavaVirtualMachines/jdk1.8.0_51.jdk/Contents/Home/jre/lib/libfontmanager.dylib
0x0000000007800000 	/System/Library/Frameworks/OpenGL.framework/Versions/A/Resources/GLEngine.bundle/GLEngine
0x0000000007800000 	/System/Library/Frameworks/OpenGL.framework/Versions/A/Libraries/libGLProgrammability.dylib
0x0000000122f73000 	/System/Library/Extensions/AppleIntelHD3000GraphicsGLDriver.bundle/Contents/MacOS/AppleIntelHD3000GraphicsGLDriver
0x0000000007800000 	/System/Library/PrivateFrameworks/GPUSupport.framework/Versions/A/Libraries/libGPUSupport.dylib
0x0000000007800000 	/System/Library/Frameworks/OpenGL.framework/Versions/A/Resources/GLRendererFloat.bundle/GLRendererFloat
0x00000001235df000 	/Library/Java/JavaVirtualMachines/jdk1.8.0_51.jdk/Contents/Home/jre/lib/libosxui.dylib
0x00000001245d6000 	/Library/Java/JavaVirtualMachines/jdk1.8.0_51.jdk/Contents/Home/jre/lib/libmanagement.dylib
0x0000000127e0e000 	/Users/suitougreentea/dev/bofu2016bga/lib/native/libMethClaInterface.jnilib
0x0000000127e6b000 	/Users/suitougreentea/dev/bofu2016bga/lib/native/libmethcla.dylib
0x0000000127f73000 	/Users/suitougreentea/dev/bofu2016bga/lib/native/libmpg123.0.dylib
0x0000000127fb6000 	/Users/suitougreentea/dev/bofu2016bga/lib/native/libsndfile.1.dylib
0x0000000128013000 	/Users/suitougreentea/dev/bofu2016bga/lib/native/libFLAC.8.dylib
0x000000012803d000 	/Users/suitougreentea/dev/bofu2016bga/lib/native/libvorbisenc.2.dylib
0x0000000128309000 	/Users/suitougreentea/dev/bofu2016bga/lib/native/libvorbis.0.dylib
0x0000000124808000 	/Users/suitougreentea/dev/bofu2016bga/lib/native/libogg.0.dylib
0x00000001251bd000 	/System/Library/Extensions/AppleHDA.kext/Contents/PlugIns/AppleHDAHALPlugIn.bundle/Contents/MacOS/AppleHDAHALPlugIn
0x000000016bce4000 	/Library/Java/JavaVirtualMachines/jdk1.8.0_51.jdk/Contents/Home/jre/lib/libdcpr.dylib
0x000000016e57c000 	/Library/Java/JavaVirtualMachines/jdk1.8.0_51.jdk/Contents/Home/jre/lib/libnio.dylib
0x000000016e969000 	/Library/Java/JavaVirtualMachines/jdk1.8.0_51.jdk/Contents/Home/jre/lib/libt2k.dylib

VM Arguments:
jvm_args: -Djava.library.path=lib/native -Didea.launcher.port=7532 -Didea.launcher.bin.path=/Applications/IntelliJ IDEA.app/Contents/bin -Dfile.encoding=UTF-8 
java_command: com.intellij.rt.execution.application.AppMain io.github.suitougreentea.bofu2016bga.MainKt
java_class_path (initial): /Library/Java/JavaVirtualMachines/jdk1.8.0_51.jdk/Contents/Home/jre/lib/charsets.jar:/Library/Java/JavaVirtualMachines/jdk1.8.0_51.jdk/Contents/Home/jre/lib/deploy.jar:/Library/Java/JavaVirtualMachines/jdk1.8.0_51.jdk/Contents/Home/jre/lib/ext/cldrdata.jar:/Library/Java/JavaVirtualMachines/jdk1.8.0_51.jdk/Contents/Home/jre/lib/ext/dnsns.jar:/Library/Java/JavaVirtualMachines/jdk1.8.0_51.jdk/Contents/Home/jre/lib/ext/jfxrt.jar:/Library/Java/JavaVirtualMachines/jdk1.8.0_51.jdk/Contents/Home/jre/lib/ext/localedata.jar:/Library/Java/JavaVirtualMachines/jdk1.8.0_51.jdk/Contents/Home/jre/lib/ext/nashorn.jar:/Library/Java/JavaVirtualMachines/jdk1.8.0_51.jdk/Contents/Home/jre/lib/ext/sunec.jar:/Library/Java/JavaVirtualMachines/jdk1.8.0_51.jdk/Contents/Home/jre/lib/ext/sunjce_provider.jar:/Library/Java/JavaVirtualMachines/jdk1.8.0_51.jdk/Contents/Home/jre/lib/ext/sunpkcs11.jar:/Library/Java/JavaVirtualMachines/jdk1.8.0_51.jdk/Contents/Home/jre/lib/ext/zipfs.jar:/Library/Java/JavaVirtualMachines/jdk1.8.0_51.jdk/Contents/Home/jre/lib/javaws.jar:/Library/Java/JavaVirtualMachines/jdk1.8.0_51.jdk/Contents/Home/jre/lib/jce.jar:/Library/Java/JavaVirtualMachines/jdk1.8.0_51.jdk/Contents/Home/jre/lib/jfr.jar:/Library/Java/JavaVirtualMachines/jdk1.8.0_51.jdk/Contents/Home/jre/lib/jfxswt.jar:/Library/Java/JavaVirtualMachines/jdk1.8.0_51.jdk/Contents/Home/jre/lib/jsse.jar:/Library/Java/JavaVirtualMachines/jdk1.8.0_51.jdk/Contents/Home/jre/lib/management-agent.jar:/Library/Java/JavaVirtualMachines/jdk1.8.0_51.jdk/Contents/Home/jre/lib/plugin.jar:/Library/Java/JavaVirtualMachines/jdk1.8.0_51.jdk/Contents/Home/jre/lib/resources.jar:/Library/Java/JavaVirtualMachines/jdk1.8.0_51.jdk/Contents/Home/jre/lib/rt.jar:/Library/Java/JavaVirtualMachines/jdk1.8.0_51.jdk/Contents/Home/lib/ant-javafx.jar:/Library/Java/JavaVirtualMachines/jdk1.8.0_51.jdk/Contents/Home/lib/dt.jar:/Library/Java/JavaVirtualMachines/jdk1.8.0_51.jdk/Contents/Home/lib/javafx-mx.jar:/Library/Java/Jav
Launcher Type: SUN_STANDARD

Environment Variables:
JAVA_HOME=/Library/Java/JavaVirtualMachines/jdk1.8.0_51.jdk/Contents/Home
PATH=/Users/suitougreentea/.anyenv/envs/pyenv/versions/3.5.1/bin:/Users/suitougreentea/.anyenv/envs/pyenv/libexec:/Users/suitougreentea/.anyenv/envs/pyenv/plugins/python-build/bin:/Users/suitougreentea/.gvm/vertx/current/bin:/Users/suitougreentea/.gvm/springboot/current/bin:/Users/suitougreentea/.gvm/lazybones/current/bin:/Users/suitougreentea/.gvm/jbossforge/current/bin:/Users/suitougreentea/.gvm/jbake/current/bin:/Users/suitougreentea/.gvm/groovyserv/current/bin:/Users/suitougreentea/.gvm/groovy/current/bin:/Users/suitougreentea/.gvm/griffon/current/bin:/Users/suitougreentea/.gvm/grails/current/bin:/Users/suitougreentea/.gvm/gradle/current/bin:/Users/suitougreentea/.gvm/glide/current/bin:/Users/suitougreentea/.gvm/gaiden/current/bin:/Users/suitougreentea/.gvm/crash/current/bin:/Users/suitougreentea/.gvm/asciidoctorj/current/bin:/usr/local/heroku/bin:/Users/suitougreentea/.anyenv/envs/pyenv/bin:/Users/suitougreentea/.anyenv/envs/ndenv/bin:/Users/suitougreentea/.anyenv/envs/pyenv/shims:/Users/suitougreentea/.anyenv/envs/ndenv/shims:/Users/suitougreentea/.anyenv/bin:/Users/suitougreentea/dotfiles/bin:./node_modules/.bin:/Users/suitougreentea/.linuxbrew/bin:/usr/share/eclipse:/Users/suitougreentea/build/bin:/Users/suitougreentea/.rbenv/shims:/usr/local/sbin:/usr/local/bin:/usr/sbin:/usr/bin:/sbin:/bin:/usr/games:/usr/local/games:/usr/local/bin:/usr/bin:/bin:/usr/sbin:/sbin:/opt/X11/bin:/Library/TeX/texbin
SHELL=/bin/zsh
DISPLAY=/private/tmp/com.apple.launchd.0Ll2E6GfKp/org.macosforge.xquartz:0

Signal Handlers:
SIGSEGV: [libjvm.dylib+0x58ef35], sa_mask[0]=11111111011111110111111111111111, sa_flags=SA_ONSTACK|SA_RESTART|SA_SIGINFO
SIGBUS: [libjvm.dylib+0x58ef35], sa_mask[0]=11111111011111110111111111111111, sa_flags=SA_RESTART|SA_SIGINFO
SIGFPE: [libjvm.dylib+0x46c028], sa_mask[0]=11111111011111110111111111111111, sa_flags=SA_RESTART|SA_SIGINFO
SIGPIPE: [libjvm.dylib+0x46c028], sa_mask[0]=11111111011111110111111111111111, sa_flags=SA_RESTART|SA_SIGINFO
SIGXFSZ: [libjvm.dylib+0x46c028], sa_mask[0]=11111111011111110111111111111111, sa_flags=SA_RESTART|SA_SIGINFO
SIGILL: [libjvm.dylib+0x46c028], sa_mask[0]=11111111011111110111111111111111, sa_flags=SA_RESTART|SA_SIGINFO
SIGUSR1: SIG_DFL, sa_mask[0]=00000000000000000000000000000000, sa_flags=none
SIGUSR2: [libjvm.dylib+0x46bb46], sa_mask[0]=00100000000000000000000000000000, sa_flags=SA_RESTART|SA_SIGINFO
SIGHUP: [libjvm.dylib+0x46a119], sa_mask[0]=11111111011111110111111111111111, sa_flags=SA_RESTART|SA_SIGINFO
SIGINT: [libjvm.dylib+0x46a119], sa_mask[0]=11111111011111110111111111111111, sa_flags=SA_RESTART|SA_SIGINFO
SIGTERM: [libjvm.dylib+0x46a119], sa_mask[0]=11111111011111110111111111111111, sa_flags=SA_RESTART|SA_SIGINFO
SIGQUIT: [libjvm.dylib+0x46a119], sa_mask[0]=11111111011111110111111111111111, sa_flags=SA_RESTART|SA_SIGINFO


---------------  S Y S T E M  ---------------

OS:Bsduname:Darwin 15.5.0 Darwin Kernel Version 15.5.0: Tue Apr 19 18:36:36 PDT 2016; root:xnu-3248.50.21~8/RELEASE_X86_64 x86_64
rlimit: STACK 8192k, CORE 0k, NPROC 709, NOFILE 10240, AS infinity
load average:3.71 2.86 3.06

CPU:total 4 (2 cores per cpu, 2 threads per core) family 6 model 42 stepping 7, cmov, cx8, fxsr, mmx, sse, sse2, sse3, ssse3, sse4.1, sse4.2, popcnt, avx, aes, clmul, ht, tsc, tscinvbit

Memory: 4k page, physical 4194304k(20500k free)

/proc/meminfo:


vm_info: Java HotSpot(TM) 64-Bit Server VM (25.51-b03) for bsd-amd64 JRE (1.8.0_51-b16), built on Jun  8 2015 18:01:11 by "java_re" with gcc 4.2.1 (Based on Apple Inc. build 5658) (LLVM build 2336.11.00)

time: Fri Sep  9 14:58:03 2016
elapsed time: 3 seconds (0d 0h 0m 3s)

