#
# A fatal error has been detected by the Java Runtime Environment:
#
#  SIGSEGV (0xb) at pc=0x0000000129749847, pid=14174, tid=125443
#
# JRE version: Java(TM) SE Runtime Environment (8.0_51-b16) (build 1.8.0_51-b16)
# Java VM: Java HotSpot(TM) 64-Bit Server VM (25.51-b03 mixed mode bsd-amd64 compressed oops)
# Problematic frame:
# C  [libmethcla.dylib+0x49847]  _ZN7Methcla5Audio21AudioOutputConnection5writeERKNS0_11EnvironmentEmPKfm+0x77
#
# Failed to write core dump. Core dumps have been disabled. To enable core dumping, try "ulimit -c unlimited" before starting Java again
#
# If you would like to submit a bug report, please visit:
#   http://bugreport.java.com/bugreport/crash.jsp
#

---------------  T H R E A D  ---------------

Current thread is native thread

siginfo: si_signo: 11 (SIGSEGV), si_code: 1 (SEGV_MAPERR), si_addr: 0x00000000004f5781

Registers:
RAX=0x00000000004f5781, RBX=0x00007ff4622c4a00, RCX=0x000000012a7f3e48, RDX=0x000000012a7f3e48
RSP=0x0000700001b73500, RBP=0x0000700001b735c0, RSI=0x00007ff462b48c50, RDI=0x00000000004f5781
R8 =0x0000000000000000, R9 =0x0000000000000002, R10=0x0000000000400009, R11=0x0000000000000202
R12=0x00007ff462b43880, R13=0x000000000000000c, R14=0x00007ff462b43880, R15=0x00007ff462b43a50
RIP=0x0000000129749847, EFLAGS=0x0000000000010216, ERR=0x0000000000000004
  TRAPNO=0x000000000000000e

Top of Stack: (sp=0x0000700001b73500)
0x0000700001b73500:   0000700001b73780 00000001246001b0
0x0000700001b73510:   0000700001b73530 000000012973f8ed
0x0000700001b73520:   0000700001b73550 000000012a7f3e48
0x0000700001b73530:   0000700001b73550 0000000000000013
0x0000700001b73540:   0000000000000013 0000000000000000
0x0000700001b73550:   000000012a7f4e80 0000000000000200
0x0000700001b73560:   00007ff462b48c50 000000012a7f3e48
0x0000700001b73570:   0000700001b735c0 0000000129749a33
0x0000700001b73580:   000000012a7f3e00 00007ff462b48cc0
0x0000700001b73590:   0000700001b735c0 000000012a7f3e48
0x0000700001b735a0:   0000000000000000 0000000000000000
0x0000700001b735b0:   00007ff462b48c50 000000012a7f3e48
0x0000700001b735c0:   0000700001b73730 0000000129749315
0x0000700001b735d0:   000000012a7f4e80 0000000000000200
0x0000700001b735e0:   00007ff462b48c50 000000012a7f3e80
0x0000700001b735f0:   000000012a7f3e48 0000000000000000
0x0000700001b73600:   0000000000000200 00007ff462d0f448
0x0000700001b73610:   0000000000002001 0000000124600000
0x0000700001b73620:   0000700001b73728 00007ff462b48fb8
0x0000700001b73630:   0000000200b73650 0000000000000000
0x0000700001b73640:   0000000000000013 000000022a7f2aa8
0x0000700001b73650:   00007ff462b48fb8 0000000800000002
0x0000700001b73660:   000000012a7f1000 0000000000000007
0x0000700001b73670:   000000012a7f2a98 000000012a7f1000
0x0000700001b73680:   0000700001b736b0 00000001297555bc
0x0000700001b73690:   0000000001b736b0 00007ff462b48ff8
0x0000700001b736a0:   0000000000000013 000000012a7f3e80
0x0000700001b736b0:   000000012a7f3d80 000000012a7f3e48
0x0000700001b736c0:   0000000000000000 000000012973f34b
0x0000700001b736d0:   0000000000000000 0000000000000000
0x0000700001b736e0:   0000700001b73710 000000012973f308
0x0000700001b736f0:   0000700001b73710 0000700001b73728 

Instructions: (pc=0x0000000129749847)
0x0000000129749827:   00 00 00 0f 85 bf 00 00 00 48 8b 85 68 ff ff ff
0x0000000129749837:   48 89 c7 e8 11 55 04 00 48 89 c7 e8 01 51 04 00
0x0000000129749847:   8b 08 48 8b 7d a0 89 8d 64 ff ff ff e8 08 fd fb
0x0000000129749857:   ff 8b 8d 64 ff ff ff 39 c1 0f 85 89 00 00 00 48 

Register to memory mapping:

RAX=0x00000000004f5781 is an unknown value
RBX=0x00007ff4622c4a00 is an unknown value
RCX=0x000000012a7f3e48 is an unknown value
RDX=0x000000012a7f3e48 is an unknown value
RSP=0x0000700001b73500 is an unknown value
RBP=0x0000700001b735c0 is an unknown value
RSI=0x00007ff462b48c50 is an unknown value
RDI=0x00000000004f5781 is an unknown value
R8 =0x0000000000000000 is an unknown value
R9 =0x0000000000000002 is an unknown value
R10=0x0000000000400009 is an unknown value
R11=0x0000000000000202 is an unknown value
R12=0x00007ff462b43880 is an unknown value
R13=0x000000000000000c is an unknown value
R14=0x00007ff462b43880 is an unknown value
R15=0x00007ff462b43a50 is an unknown value


Stack: [0x0000700001af4000,0x0000700001b74000],  sp=0x0000700001b73500,  free space=509k
Native frames: (J=compiled Java code, j=interpreted, Vv=VM code, C=native code)
C  [libmethcla.dylib+0x49847]  _ZN7Methcla5Audio21AudioOutputConnection5writeERKNS0_11EnvironmentEmPKfm+0x77
C  [libmethcla.dylib+0x49315]  _ZN7Methcla5Audio5Synth9doProcessEm+0x4e5
C  [libmethcla.dylib+0x47b54]  _ZN7Methcla5Audio4Node7processEm+0x44
C  [libmethcla.dylib+0x474a3]  _ZN7Methcla5Audio5Group9doProcessEm+0x43
C  [libmethcla.dylib+0x47b54]  _ZN7Methcla5Audio4Node7processEm+0x44
C  [libmethcla.dylib+0x15208]  _ZN7Methcla5Audio15EnvironmentImpl7processEdmPKPKfPKPf+0x3b8
C  [libmethcla.dylib+0x972a]  _ZN7Methcla5Audio11Environment7processEdmPKPKfPKPf+0x3a
C  [libmethcla.dylib+0x51aa2]  _ZN14Methcla_Engine15processCallbackEPvdmPKPKfPKPf+0x52
C  [libmethcla.dylib+0x4793e]  _ZN7Methcla5Audio2IO6Driver7processEdmPKPKfPKPf+0x5e
C  [libmethcla.dylib+0x6f1c5]  _ZN7Methcla5Audio2IO13RtAudioDriver7processEPfPKfjd+0x1f5
C  [libmethcla.dylib+0x6e896]  _ZN7Methcla5Audio2IO13RtAudioDriver15processCallbackEPvS3_jdjS3_+0x46
C  [libmethcla.dylib+0x821a2]  _ZN9RtApiCore13callbackEventEjPK15AudioBufferListS2_+0x282
C  [libmethcla.dylib+0x8061e]  _ZL15callbackHandlerjPK14AudioTimeStampPK15AudioBufferListS1_PS2_S1_Pv+0x4e
C  [CoreAudio+0x28c13]  _ZN19HALC_ProxyIOContext10IOWorkLoopEv+0x9e7
C  [CoreAudio+0x2815e]  _ZN19HALC_ProxyIOContext13IOThreadEntryEPv+0x58
C  [CoreAudio+0x28033]  _ZN13HALB_IOThread5EntryEPv+0x4b
C  [libsystem_pthread.dylib+0x399d]  _pthread_body+0x83
C  [libsystem_pthread.dylib+0x391a]  _pthread_body+0x0
C  [libsystem_pthread.dylib+0x1351]  thread_start+0xd


---------------  P R O C E S S  ---------------

VM state:not at safepoint (normal execution)

VM Mutex/Monitor currently owned by a thread: None

Heap:
 PSYoungGen      total 18944K, used 9098K [0x00000007aab00000, 0x00000007ac000000, 0x00000007c0000000)
  eden space 16384K, 39% used [0x00000007aab00000,0x00000007ab165b28,0x00000007abb00000)
  from space 2560K, 99% used [0x00000007abb00000,0x00000007abd7ce30,0x00000007abd80000)
  to   space 2560K, 0% used [0x00000007abd80000,0x00000007abd80000,0x00000007ac000000)
 ParOldGen       total 44032K, used 3108K [0x0000000780000000, 0x0000000782b00000, 0x00000007aab00000)
  object space 44032K, 7% used [0x0000000780000000,0x00000007803091d0,0x0000000782b00000)
 Metaspace       used 11779K, capacity 11908K, committed 12160K, reserved 1060864K
  class space    used 1334K, capacity 1407K, committed 1408K, reserved 1048576K

Card table byte_map: [0x000000011af29000,0x000000011b12a000] byte_map_base: 0x0000000117329000

Marking Bits: (ParMarkBitMap*) 0x000000010b4c27a0
 Begin Bits: [0x000000011b280000, 0x000000011c280000)
 End Bits:   [0x000000011c280000, 0x000000011d280000)

Polling page: 0x000000010a376000

CodeCache: size=245760Kb used=2638Kb max_used=2638Kb free=243121Kb
 bounds [0x000000010bb69000, 0x000000010be09000, 0x000000011ab69000]
 total_blobs=1186 nmethods=618 adapters=482
 compilation: enabled

Compilation events (10 events):
Event: 5.511 Thread 0x00007ff46203f000  614       3       sun.java2d.pipe.RenderQueue::ensureCapacity (16 bytes)
Event: 5.511 Thread 0x00007ff46203f000 nmethod 614 0x000000010bdfc410 code [0x000000010bdfc580, 0x000000010bdfc8c8]
Event: 5.511 Thread 0x00007ff46203f000  615       3       sun.java2d.pipe.RenderBuffer::remaining (11 bytes)
Event: 5.511 Thread 0x00007ff46203f000 nmethod 615 0x000000010bdfc9d0 code [0x000000010bdfcb20, 0x000000010bdfcc70]
Event: 5.536 Thread 0x00007ff46203f000  616       3       kotlin.jvm.internal.Intrinsics::checkParameterIsNotNull (9 bytes)
Event: 5.537 Thread 0x00007ff46203f000 nmethod 616 0x000000010bdfccd0 code [0x000000010bdfce40, 0x000000010bdfcfe8]
Event: 5.604 Thread 0x00007ff46203f000  617       3       java.awt.geom.EllipseIterator::isDone (14 bytes)
Event: 5.605 Thread 0x00007ff46203f000 nmethod 617 0x000000010bdfd090 code [0x000000010bdfd200, 0x000000010bdfd3b0]
Event: 5.610 Thread 0x00007ff46203f000  618       1       sun.java2d.SurfaceData::getSurfaceType (5 bytes)
Event: 5.610 Thread 0x00007ff46203f000 nmethod 618 0x000000010bdfd410 code [0x000000010bdfd560, 0x000000010bdfd670]

GC Heap History (2 events):
Event: 4.100 GC heap before
{Heap before GC invocations=1 (full 0):
 PSYoungGen      total 18944K, used 16384K [0x00000007aab00000, 0x00000007ac000000, 0x00000007c0000000)
  eden space 16384K, 100% used [0x00000007aab00000,0x00000007abb00000,0x00000007abb00000)
  from space 2560K, 0% used [0x00000007abd80000,0x00000007abd80000,0x00000007ac000000)
  to   space 2560K, 0% used [0x00000007abb00000,0x00000007abb00000,0x00000007abd80000)
 ParOldGen       total 44032K, used 0K [0x0000000780000000, 0x0000000782b00000, 0x00000007aab00000)
  object space 44032K, 0% used [0x0000000780000000,0x0000000780000000,0x0000000782b00000)
 Metaspace       used 10635K, capacity 10820K, committed 11008K, reserved 1058816K
  class space    used 1208K, capacity 1279K, committed 1280K, reserved 1048576K
Event: 4.110 GC heap after
Heap after GC invocations=1 (full 0):
 PSYoungGen      total 18944K, used 2547K [0x00000007aab00000, 0x00000007ac000000, 0x00000007c0000000)
  eden space 16384K, 0% used [0x00000007aab00000,0x00000007aab00000,0x00000007abb00000)
  from space 2560K, 99% used [0x00000007abb00000,0x00000007abd7ce30,0x00000007abd80000)
  to   space 2560K, 0% used [0x00000007abd80000,0x00000007abd80000,0x00000007ac000000)
 ParOldGen       total 44032K, used 3108K [0x0000000780000000, 0x0000000782b00000, 0x00000007aab00000)
  object space 44032K, 7% used [0x0000000780000000,0x00000007803091d0,0x0000000782b00000)
 Metaspace       used 10635K, capacity 10820K, committed 11008K, reserved 1058816K
  class space    used 1208K, capacity 1279K, committed 1280K, reserved 1048576K
}

Deoptimization events (1 events):
Event: 0.211 Thread 0x00007ff462003000 Uncommon trap: reason=unstable_if action=reinterpret pc=0x000000010bc95bec method=java.lang.String.hashCode()I @ 14

Internal exceptions (10 events):
Event: 0.193 Thread 0x00007ff462003000 Exception <a 'java/security/PrivilegedActionException'> (0x00000007aac9a668) thrown at [/Users/java_re/workspace/8-2-build-macosx-x86_64/jdk8u51/3951/hotspot/src/share/vm/prims/jvm.cpp, line 1382]
Event: 0.266 Thread 0x00007ff462003000 Exception <a 'java/security/PrivilegedActionException'> (0x00000007aadf27b0) thrown at [/Users/java_re/workspace/8-2-build-macosx-x86_64/jdk8u51/3951/hotspot/src/share/vm/prims/jvm.cpp, line 1382]
Event: 0.266 Thread 0x00007ff462003000 Exception <a 'java/security/PrivilegedActionException'> (0x00000007aadf2968) thrown at [/Users/java_re/workspace/8-2-build-macosx-x86_64/jdk8u51/3951/hotspot/src/share/vm/prims/jvm.cpp, line 1382]
Event: 0.266 Thread 0x00007ff462003000 Exception <a 'java/security/PrivilegedActionException'> (0x00000007aadf5ce8) thrown at [/Users/java_re/workspace/8-2-build-macosx-x86_64/jdk8u51/3951/hotspot/src/share/vm/prims/jvm.cpp, line 1382]
Event: 0.266 Thread 0x00007ff462003000 Exception <a 'java/security/PrivilegedActionException'> (0x00000007aadf5ea0) thrown at [/Users/java_re/workspace/8-2-build-macosx-x86_64/jdk8u51/3951/hotspot/src/share/vm/prims/jvm.cpp, line 1382]
Event: 3.522 Thread 0x00007ff462003000 Exception <a 'java/io/FileNotFoundException'> (0x00000007aadfbb00) thrown at [/Users/java_re/workspace/8-2-build-macosx-x86_64/jdk8u51/3951/hotspot/src/share/vm/prims/jni.cpp, line 709]
Event: 3.522 Thread 0x00007ff462003000 Exception <a 'java/io/FileNotFoundException'> (0x00000007aadfc660) thrown at [/Users/java_re/workspace/8-2-build-macosx-x86_64/jdk8u51/3951/hotspot/src/share/vm/prims/jni.cpp, line 709]
Event: 3.599 Thread 0x00007ff4618a7000 Exception <a 'java/lang/NoSuchFieldError': method resolution failed> (0x00000007ab0e7220) thrown at [/Users/java_re/workspace/8-2-build-macosx-x86_64/jdk8u51/3951/hotspot/src/share/vm/prims/methodHandles.cpp, line 1125]
Event: 3.602 Thread 0x00007ff4618a7000 Exception <a 'java/lang/NoSuchFieldError': method resolution failed> (0x00000007ab0f58c0) thrown at [/Users/java_re/workspace/8-2-build-macosx-x86_64/jdk8u51/3951/hotspot/src/share/vm/prims/methodHandles.cpp, line 1125]
Event: 4.114 Thread 0x00007ff462018800 Exception <a 'java/lang/NullPointerException'> (0x00000007aaf50d50) thrown at [/Users/java_re/workspace/8-2-build-macosx-x86_64/jdk8u51/3951/hotspot/src/share/vm/interpreter/linkResolver.cpp, line 1178]

Events (10 events):
Event: 4.990 loading class sun/font/CStrike$GlyphInfoCache
Event: 4.990 loading class sun/font/CStrikeDisposer
Event: 4.990 loading class sun/font/CStrikeDisposer done
Event: 4.990 loading class sun/font/CStrike$GlyphInfoCache done
Event: 4.990 loading class sun/font/CStrike$GlyphAdvanceCache
Event: 4.990 loading class sun/font/CStrike$GlyphAdvanceCache done
Event: 4.990 loading class sun/font/CCharToGlyphMapper
Event: 4.990 loading class sun/font/CCharToGlyphMapper done
Event: 4.990 loading class sun/font/CCharToGlyphMapper$Cache
Event: 4.990 loading class sun/font/CCharToGlyphMapper$Cache done


Dynamic libraries:
0x0000000007800000 	/System/Library/Frameworks/Cocoa.framework/Versions/A/Cocoa
0x0000000007800000 	/System/Library/Frameworks/Security.framework/Versions/A/Security
0x0000000007800000 	/System/Library/Frameworks/ApplicationServices.framework/Versions/A/ApplicationServices
0x0000000007800000 	/usr/lib/libz.1.dylib
0x0000000007800000 	/usr/lib/libSystem.B.dylib
0x0000000007800000 	/usr/lib/libobjc.A.dylib
0x0000000007800000 	/System/Library/Frameworks/CoreFoundation.framework/Versions/A/CoreFoundation
0x0000000007800000 	/System/Library/Frameworks/Foundation.framework/Versions/C/Foundation
0x0000000007800000 	/System/Library/Frameworks/AppKit.framework/Versions/C/AppKit
0x0000000007800000 	/System/Library/Frameworks/CoreData.framework/Versions/A/CoreData
0x0000000007800000 	/System/Library/PrivateFrameworks/RemoteViewServices.framework/Versions/A/RemoteViewServices
0x0000000007800000 	/System/Library/PrivateFrameworks/UIFoundation.framework/Versions/A/UIFoundation
0x0000000007800000 	/usr/lib/libScreenReader.dylib
0x0000000007800000 	/System/Library/Frameworks/Accelerate.framework/Versions/A/Accelerate
0x0000000007800000 	/System/Library/Frameworks/IOSurface.framework/Versions/A/IOSurface
0x0000000007800000 	/System/Library/Frameworks/AudioToolbox.framework/Versions/A/AudioToolbox
0x0000000007800000 	/System/Library/Frameworks/AudioUnit.framework/Versions/A/AudioUnit
0x0000000007800000 	/System/Library/PrivateFrameworks/DataDetectorsCore.framework/Versions/A/DataDetectorsCore
0x0000000007800000 	/System/Library/PrivateFrameworks/DesktopServicesPriv.framework/Versions/A/DesktopServicesPriv
0x0000000007800000 	/System/Library/Frameworks/Carbon.framework/Versions/A/Frameworks/HIToolbox.framework/Versions/A/HIToolbox
0x0000000007800000 	/System/Library/Frameworks/QuartzCore.framework/Versions/A/QuartzCore
0x0000000007800000 	/System/Library/Frameworks/Carbon.framework/Versions/A/Frameworks/SpeechRecognition.framework/Versions/A/SpeechRecognition
0x0000000007800000 	/usr/lib/libauto.dylib
0x0000000007800000 	/usr/lib/libicucore.A.dylib
0x0000000007800000 	/usr/lib/libxml2.2.dylib
0x0000000007800000 	/System/Library/PrivateFrameworks/CoreUI.framework/Versions/A/CoreUI
0x0000000007800000 	/System/Library/Frameworks/CoreAudio.framework/Versions/A/CoreAudio
0x0000000007800000 	/System/Library/Frameworks/DiskArbitration.framework/Versions/A/DiskArbitration
0x0000000007800000 	/usr/lib/liblangid.dylib
0x0000000007800000 	/System/Library/PrivateFrameworks/MultitouchSupport.framework/Versions/A/MultitouchSupport
0x0000000007800000 	/System/Library/Frameworks/IOKit.framework/Versions/A/IOKit
0x0000000007800000 	/usr/lib/libDiagnosticMessagesClient.dylib
0x0000000007800000 	/System/Library/Frameworks/CoreServices.framework/Versions/A/CoreServices
0x0000000007800000 	/System/Library/PrivateFrameworks/PerformanceAnalysis.framework/Versions/A/PerformanceAnalysis
0x0000000007800000 	/System/Library/PrivateFrameworks/GenerationalStorage.framework/Versions/A/GenerationalStorage
0x0000000007800000 	/System/Library/Frameworks/OpenGL.framework/Versions/A/OpenGL
0x0000000007800000 	/System/Library/PrivateFrameworks/Sharing.framework/Versions/A/Sharing
0x0000000007800000 	/System/Library/Frameworks/CoreGraphics.framework/Versions/A/CoreGraphics
0x0000000007800000 	/System/Library/Frameworks/CoreImage.framework/Versions/A/CoreImage
0x0000000007800000 	/System/Library/Frameworks/CoreText.framework/Versions/A/CoreText
0x0000000007800000 	/System/Library/Frameworks/ImageIO.framework/Versions/A/ImageIO
0x0000000007800000 	/System/Library/PrivateFrameworks/Backup.framework/Versions/A/Backup
0x0000000007800000 	/usr/lib/libextension.dylib
0x0000000007800000 	/usr/lib/libarchive.2.dylib
0x0000000007800000 	/System/Library/Frameworks/CFNetwork.framework/Versions/A/CFNetwork
0x0000000007800000 	/System/Library/Frameworks/SystemConfiguration.framework/Versions/A/SystemConfiguration
0x0000000007800000 	/usr/lib/libCRFSuite.dylib
0x0000000007800000 	/usr/lib/libc++.1.dylib
0x0000000007800000 	/usr/lib/libc++abi.dylib
0x0000000007800000 	/usr/lib/system/libcache.dylib
0x0000000007800000 	/usr/lib/system/libcommonCrypto.dylib
0x0000000007800000 	/usr/lib/system/libcompiler_rt.dylib
0x0000000007800000 	/usr/lib/system/libcopyfile.dylib
0x0000000007800000 	/usr/lib/system/libcorecrypto.dylib
0x0000000007800000 	/usr/lib/system/libdispatch.dylib
0x0000000007800000 	/usr/lib/system/libdyld.dylib
0x0000000007800000 	/usr/lib/system/libkeymgr.dylib
0x0000000007800000 	/usr/lib/system/liblaunch.dylib
0x0000000007800000 	/usr/lib/system/libmacho.dylib
0x0000000007800000 	/usr/lib/system/libquarantine.dylib
0x0000000007800000 	/usr/lib/system/libremovefile.dylib
0x0000000007800000 	/usr/lib/system/libsystem_asl.dylib
0x0000000007800000 	/usr/lib/system/libsystem_blocks.dylib
0x0000000007800000 	/usr/lib/system/libsystem_c.dylib
0x0000000007800000 	/usr/lib/system/libsystem_configuration.dylib
0x0000000007800000 	/usr/lib/system/libsystem_coreservices.dylib
0x0000000007800000 	/usr/lib/system/libsystem_coretls.dylib
0x0000000007800000 	/usr/lib/system/libsystem_dnssd.dylib
0x0000000007800000 	/usr/lib/system/libsystem_info.dylib
0x0000000007800000 	/usr/lib/system/libsystem_kernel.dylib
0x0000000007800000 	/usr/lib/system/libsystem_m.dylib
0x0000000007800000 	/usr/lib/system/libsystem_malloc.dylib
0x0000000007800000 	/usr/lib/system/libsystem_network.dylib
0x0000000007800000 	/usr/lib/system/libsystem_networkextension.dylib
0x0000000007800000 	/usr/lib/system/libsystem_notify.dylib
0x0000000007800000 	/usr/lib/system/libsystem_platform.dylib
0x0000000007800000 	/usr/lib/system/libsystem_pthread.dylib
0x0000000007800000 	/usr/lib/system/libsystem_sandbox.dylib
0x0000000007800000 	/usr/lib/system/libsystem_secinit.dylib
0x0000000007800000 	/usr/lib/system/libsystem_trace.dylib
0x0000000007800000 	/usr/lib/system/libunc.dylib
0x0000000007800000 	/usr/lib/system/libunwind.dylib
0x0000000007800000 	/usr/lib/system/libxpc.dylib
0x0000000007800000 	/usr/lib/libenergytrace.dylib
0x0000000007800000 	/usr/lib/libbsm.0.dylib
0x0000000007800000 	/usr/lib/system/libkxld.dylib
0x0000000007800000 	/usr/lib/libxar.1.dylib
0x0000000007800000 	/usr/lib/libsqlite3.dylib
0x0000000007800000 	/usr/lib/libpam.2.dylib
0x0000000007800000 	/usr/lib/libOpenScriptingUtil.dylib
0x0000000007800000 	/usr/lib/libbz2.1.0.dylib
0x0000000007800000 	/usr/lib/liblzma.5.dylib
0x0000000007800000 	/System/Library/Frameworks/CoreServices.framework/Versions/A/Frameworks/FSEvents.framework/Versions/A/FSEvents
0x0000000007800000 	/System/Library/Frameworks/CoreServices.framework/Versions/A/Frameworks/CarbonCore.framework/Versions/A/CarbonCore
0x0000000007800000 	/System/Library/Frameworks/CoreServices.framework/Versions/A/Frameworks/Metadata.framework/Versions/A/Metadata
0x0000000007800000 	/System/Library/Frameworks/CoreServices.framework/Versions/A/Frameworks/OSServices.framework/Versions/A/OSServices
0x0000000007800000 	/System/Library/Frameworks/CoreServices.framework/Versions/A/Frameworks/SearchKit.framework/Versions/A/SearchKit
0x0000000007800000 	/System/Library/Frameworks/CoreServices.framework/Versions/A/Frameworks/AE.framework/Versions/A/AE
0x0000000007800000 	/System/Library/Frameworks/CoreServices.framework/Versions/A/Frameworks/LaunchServices.framework/Versions/A/LaunchServices
0x0000000007800000 	/System/Library/Frameworks/CoreServices.framework/Versions/A/Frameworks/DictionaryServices.framework/Versions/A/DictionaryServices
0x0000000007800000 	/System/Library/Frameworks/CoreServices.framework/Versions/A/Frameworks/SharedFileList.framework/Versions/A/SharedFileList
0x0000000007800000 	/System/Library/Frameworks/NetFS.framework/Versions/A/NetFS
0x0000000007800000 	/System/Library/PrivateFrameworks/NetAuth.framework/Versions/A/NetAuth
0x0000000007800000 	/System/Library/PrivateFrameworks/login.framework/Versions/A/Frameworks/loginsupport.framework/Versions/A/loginsupport
0x0000000007800000 	/System/Library/PrivateFrameworks/TCC.framework/Versions/A/TCC
0x0000000007800000 	/usr/lib/libmecabra.dylib
0x0000000007800000 	/System/Library/Frameworks/ApplicationServices.framework/Versions/A/Frameworks/ATS.framework/Versions/A/ATS
0x0000000007800000 	/System/Library/Frameworks/ApplicationServices.framework/Versions/A/Frameworks/ColorSync.framework/Versions/A/ColorSync
0x0000000007800000 	/System/Library/Frameworks/ApplicationServices.framework/Versions/A/Frameworks/HIServices.framework/Versions/A/HIServices
0x0000000007800000 	/System/Library/Frameworks/ApplicationServices.framework/Versions/A/Frameworks/LangAnalysis.framework/Versions/A/LangAnalysis
0x0000000007800000 	/System/Library/Frameworks/ApplicationServices.framework/Versions/A/Frameworks/PrintCore.framework/Versions/A/PrintCore
0x0000000007800000 	/System/Library/Frameworks/ApplicationServices.framework/Versions/A/Frameworks/QD.framework/Versions/A/QD
0x0000000007800000 	/System/Library/Frameworks/ApplicationServices.framework/Versions/A/Frameworks/SpeechSynthesis.framework/Versions/A/SpeechSynthesis
0x0000000007800000 	/System/Library/Frameworks/Metal.framework/Versions/A/Metal
0x0000000007800000 	/System/Library/Frameworks/Accelerate.framework/Versions/A/Frameworks/vImage.framework/Versions/A/vImage
0x0000000007800000 	/System/Library/Frameworks/Accelerate.framework/Versions/A/Frameworks/vecLib.framework/Versions/A/vecLib
0x0000000007800000 	/System/Library/Frameworks/Accelerate.framework/Versions/A/Frameworks/vecLib.framework/Versions/A/libvDSP.dylib
0x0000000007800000 	/System/Library/Frameworks/Accelerate.framework/Versions/A/Frameworks/vecLib.framework/Versions/A/libvMisc.dylib
0x0000000007800000 	/System/Library/Frameworks/Accelerate.framework/Versions/A/Frameworks/vecLib.framework/Versions/A/libLAPACK.dylib
0x0000000007800000 	/System/Library/Frameworks/Accelerate.framework/Versions/A/Frameworks/vecLib.framework/Versions/A/libBLAS.dylib
0x0000000007800000 	/System/Library/Frameworks/Accelerate.framework/Versions/A/Frameworks/vecLib.framework/Versions/A/libLinearAlgebra.dylib
0x0000000007800000 	/System/Library/Frameworks/Accelerate.framework/Versions/A/Frameworks/vecLib.framework/Versions/A/libSparseBLAS.dylib
0x0000000007800000 	/System/Library/PrivateFrameworks/GPUCompiler.framework/libmetal_timestamp.dylib
0x0000000007800000 	/System/Library/Frameworks/OpenGL.framework/Versions/A/Libraries/libCoreFSCache.dylib
0x0000000007800000 	/System/Library/PrivateFrameworks/IOAccelerator.framework/Versions/A/IOAccelerator
0x0000000007800000 	/System/Library/Frameworks/ApplicationServices.framework/Versions/A/Frameworks/ATS.framework/Versions/A/Resources/libFontParser.dylib
0x0000000007800000 	/System/Library/Frameworks/ApplicationServices.framework/Versions/A/Frameworks/ATS.framework/Versions/A/Resources/libFontRegistry.dylib
0x0000000007800000 	/System/Library/PrivateFrameworks/AppleVPA.framework/Versions/A/AppleVPA
0x0000000007800000 	/System/Library/PrivateFrameworks/AppleJPEG.framework/Versions/A/AppleJPEG
0x0000000007800000 	/System/Library/Frameworks/ImageIO.framework/Versions/A/Resources/libJPEG.dylib
0x0000000007800000 	/System/Library/Frameworks/ImageIO.framework/Versions/A/Resources/libTIFF.dylib
0x0000000007800000 	/System/Library/Frameworks/ImageIO.framework/Versions/A/Resources/libPng.dylib
0x0000000007800000 	/System/Library/Frameworks/ImageIO.framework/Versions/A/Resources/libGIF.dylib
0x0000000007800000 	/System/Library/Frameworks/ImageIO.framework/Versions/A/Resources/libJP2.dylib
0x0000000007800000 	/System/Library/Frameworks/ImageIO.framework/Versions/A/Resources/libRadiance.dylib
0x0000000007800000 	/System/Library/Frameworks/CoreVideo.framework/Versions/A/CoreVideo
0x0000000007800000 	/System/Library/Frameworks/OpenGL.framework/Versions/A/Libraries/libGLU.dylib
0x0000000007800000 	/System/Library/Frameworks/OpenGL.framework/Versions/A/Libraries/libGFXShared.dylib
0x0000000007800000 	/System/Library/Frameworks/OpenGL.framework/Versions/A/Libraries/libGL.dylib
0x0000000007800000 	/System/Library/Frameworks/OpenGL.framework/Versions/A/Libraries/libGLImage.dylib
0x0000000007800000 	/System/Library/Frameworks/OpenGL.framework/Versions/A/Libraries/libCVMSPluginSupport.dylib
0x0000000007800000 	/System/Library/Frameworks/OpenGL.framework/Versions/A/Libraries/libCoreVMClient.dylib
0x0000000007800000 	/usr/lib/libcompression.dylib
0x0000000007800000 	/usr/lib/libcups.2.dylib
0x0000000007800000 	/System/Library/Frameworks/Kerberos.framework/Versions/A/Kerberos
0x0000000007800000 	/System/Library/Frameworks/GSS.framework/Versions/A/GSS
0x0000000007800000 	/usr/lib/libresolv.9.dylib
0x0000000007800000 	/usr/lib/libiconv.2.dylib
0x0000000007800000 	/System/Library/PrivateFrameworks/Heimdal.framework/Versions/A/Heimdal
0x0000000007800000 	/usr/lib/libheimdal-asn1.dylib
0x0000000007800000 	/System/Library/Frameworks/OpenDirectory.framework/Versions/A/OpenDirectory
0x0000000007800000 	/System/Library/PrivateFrameworks/CommonAuth.framework/Versions/A/CommonAuth
0x0000000007800000 	/System/Library/Frameworks/OpenDirectory.framework/Versions/A/Frameworks/CFOpenDirectory.framework/Versions/A/CFOpenDirectory
0x0000000007800000 	/System/Library/Frameworks/SecurityFoundation.framework/Versions/A/SecurityFoundation
0x0000000007800000 	/System/Library/PrivateFrameworks/LanguageModeling.framework/Versions/A/LanguageModeling
0x0000000007800000 	/usr/lib/libmarisa.dylib
0x0000000007800000 	/usr/lib/libChineseTokenizer.dylib
0x0000000007800000 	/usr/lib/libcmph.dylib
0x0000000007800000 	/System/Library/Frameworks/ServiceManagement.framework/Versions/A/ServiceManagement
0x0000000007800000 	/usr/lib/libxslt.1.dylib
0x0000000007800000 	/System/Library/Frameworks/Carbon.framework/Versions/A/Frameworks/Ink.framework/Versions/A/Ink
0x0000000007800000 	/usr/lib/libFosl_dynamic.dylib
0x0000000007800000 	/System/Library/PrivateFrameworks/FaceCore.framework/Versions/A/FaceCore
0x0000000007800000 	/System/Library/Frameworks/OpenCL.framework/Versions/A/OpenCL
0x0000000007800000 	/System/Library/PrivateFrameworks/CrashReporterSupport.framework/Versions/A/CrashReporterSupport
0x0000000007800000 	/System/Library/PrivateFrameworks/IconServices.framework/Versions/A/IconServices
0x0000000007800000 	/System/Library/PrivateFrameworks/Apple80211.framework/Versions/A/Apple80211
0x0000000007800000 	/System/Library/Frameworks/CoreWLAN.framework/Versions/A/CoreWLAN
0x0000000007800000 	/System/Library/Frameworks/IOBluetooth.framework/Versions/A/IOBluetooth
0x0000000007800000 	/System/Library/PrivateFrameworks/CoreWiFi.framework/Versions/A/CoreWiFi
0x0000000007800000 	/System/Library/Frameworks/CoreBluetooth.framework/Versions/A/CoreBluetooth
0x0000000007800000 	/System/Library/PrivateFrameworks/ChunkingLibrary.framework/Versions/A/ChunkingLibrary
0x0000000007800000 	/System/Library/PrivateFrameworks/DebugSymbols.framework/Versions/A/DebugSymbols
0x0000000007800000 	/System/Library/PrivateFrameworks/CoreSymbolication.framework/Versions/A/CoreSymbolication
0x0000000007800000 	/System/Library/PrivateFrameworks/Symbolication.framework/Versions/A/Symbolication
0x0000000007800000 	/System/Library/PrivateFrameworks/SpeechRecognitionCore.framework/Versions/A/SpeechRecognitionCore
0x000000004f9dd000 	/System/Library/CoreServices/Encodings/libJapaneseConverter.dylib
0x000000010ac00000 	/Library/Java/JavaVirtualMachines/jdk1.8.0_51.jdk/Contents/Home/jre/lib/server/libjvm.dylib
0x0000000007800000 	/usr/lib/libstdc++.6.dylib
0x000000010a333000 	/Library/Java/JavaVirtualMachines/jdk1.8.0_51.jdk/Contents/Home/jre/lib/libverify.dylib
0x000000010a341000 	/Library/Java/JavaVirtualMachines/jdk1.8.0_51.jdk/Contents/Home/jre/lib/libjava.dylib
0x000000010a380000 	/Library/Java/JavaVirtualMachines/jdk1.8.0_51.jdk/Contents/Home/jre/lib/libzip.dylib
0x000000011ef07000 	/System/Library/Frameworks/JavaVM.framework/Frameworks/JavaRuntimeSupport.framework/JavaRuntimeSupport
0x000000010a3e6000 	/System/Library/Frameworks/JavaVM.framework/Versions/A/Frameworks/JavaNativeFoundation.framework/Versions/A/JavaNativeFoundation
0x000000011ef22000 	/System/Library/Frameworks/JavaVM.framework/Versions/A/JavaVM
0x0000000007800000 	/System/Library/Frameworks/Carbon.framework/Versions/A/Carbon
0x000000011ef2f000 	/System/Library/PrivateFrameworks/JavaLaunching.framework/Versions/A/JavaLaunching
0x0000000007800000 	/System/Library/Frameworks/Carbon.framework/Versions/A/Frameworks/CommonPanels.framework/Versions/A/CommonPanels
0x0000000007800000 	/System/Library/Frameworks/Carbon.framework/Versions/A/Frameworks/Help.framework/Versions/A/Help
0x0000000007800000 	/System/Library/Frameworks/Carbon.framework/Versions/A/Frameworks/ImageCapture.framework/Versions/A/ImageCapture
0x0000000007800000 	/System/Library/Frameworks/Carbon.framework/Versions/A/Frameworks/OpenScripting.framework/Versions/A/OpenScripting
0x0000000007800000 	/System/Library/Frameworks/Carbon.framework/Versions/A/Frameworks/Print.framework/Versions/A/Print
0x0000000007800000 	/System/Library/Frameworks/Carbon.framework/Versions/A/Frameworks/SecurityHI.framework/Versions/A/SecurityHI
0x00000001209e1000 	/Applications/IntelliJ IDEA.app/Contents/bin/libbreakgen64.jnilib
0x00000001209e4000 	/Library/Java/JavaVirtualMachines/jdk1.8.0_51.jdk/Contents/Home/jre/lib/libnet.dylib
0x0000000120a66000 	/Library/Java/JavaVirtualMachines/jdk1.8.0_51.jdk/Contents/Home/jre/lib/libawt.dylib
0x0000000120b0e000 	/Library/Java/JavaVirtualMachines/jdk1.8.0_51.jdk/Contents/Home/jre/lib/./libmlib_image.dylib
0x0000000120bda000 	/Library/Java/JavaVirtualMachines/jdk1.8.0_51.jdk/Contents/Home/jre/lib/libawt_lwawt.dylib
0x0000000120c8e000 	/Library/Java/JavaVirtualMachines/jdk1.8.0_51.jdk/Contents/Home/jre/lib/./libosxapp.dylib
0x0000000007800000 	/System/Library/Frameworks/ExceptionHandling.framework/Versions/A/ExceptionHandling
0x0000000007800000 	/System/Library/PrivateFrameworks/CoreServicesInternal.framework/Versions/A/CoreServicesInternal
0x0000000007800000 	/System/Library/Frameworks/CoreGraphics.framework/Versions/A/Resources/libRIP.A.dylib
0x0000000007800000 	/System/Library/Frameworks/Accelerate.framework/Versions/A/Frameworks/vImage.framework/Versions/A/Libraries/libCGInterfaces.dylib
0x0000000007800000 	/System/Library/Frameworks/CoreGraphics.framework/Versions/A/Resources/libCGXType.A.dylib
0x0000000007800000 	/System/Library/Frameworks/OpenCL.framework/Versions/A/Libraries/libcldcpuengine.dylib
0x0000000007800000 	/System/Library/PrivateFrameworks/DiskImages.framework/Versions/A/DiskImages
0x0000000007800000 	/System/Library/Frameworks/DiscRecording.framework/Versions/A/DiscRecording
0x0000000007800000 	/usr/lib/libcsfde.dylib
0x0000000007800000 	/usr/lib/libcurl.4.dylib
0x0000000007800000 	/System/Library/PrivateFrameworks/MediaKit.framework/Versions/A/MediaKit
0x0000000007800000 	/System/Library/PrivateFrameworks/ProtectedCloudStorage.framework/Versions/A/ProtectedCloudStorage
0x0000000007800000 	/usr/lib/libCoreStorage.dylib
0x0000000007800000 	/System/Library/PrivateFrameworks/EFILogin.framework/Versions/A/EFILogin
0x0000000007800000 	/usr/lib/libutil.dylib
0x0000000007800000 	/System/Library/PrivateFrameworks/FindMyDevice.framework/Versions/A/FindMyDevice
0x0000000007800000 	/System/Library/Frameworks/LDAP.framework/Versions/A/LDAP
0x0000000007800000 	/usr/lib/libsasl2.2.dylib
0x0000000007800000 	/System/Library/PrivateFrameworks/CoreDaemon.framework/Versions/B/CoreDaemon
0x0000000007800000 	/usr/lib/libcrypto.0.9.8.dylib
0x0000000007800000 	/System/Library/PrivateFrameworks/AppleSRP.framework/Versions/A/AppleSRP
0x0000000007800000 	/System/Library/PrivateFrameworks/TrustEvaluationAgent.framework/Versions/A/TrustEvaluationAgent
0x0000000122831000 	cl_kernels
0x0000000007800000 	/System/Library/Frameworks/OpenCL.framework/Versions/A/Libraries/ImageFormats/unorm8_bgra.dylib
0x0000000007800000 	/System/Library/Frameworks/OpenCL.framework/Versions/A/Libraries/ImageFormats/unorm8_rgba.dylib
0x0000000007800000 	/System/Library/PrivateFrameworks/FamilyControls.framework/Versions/A/FamilyControls
0x0000000007800000 	/System/Library/PrivateFrameworks/CommerceKit.framework/Versions/A/Frameworks/CommerceCore.framework/Versions/A/CommerceCore
0x0000000007800000 	/System/Library/PrivateFrameworks/SystemAdministration.framework/Versions/A/SystemAdministration
0x0000000007800000 	/System/Library/PrivateFrameworks/AppContainer.framework/Versions/A/AppContainer
0x0000000007800000 	/System/Library/PrivateFrameworks/SecCodeWrapper.framework/Versions/A/SecCodeWrapper
0x0000000007800000 	/System/Library/Frameworks/DirectoryService.framework/Versions/A/DirectoryService
0x0000000007800000 	/System/Library/PrivateFrameworks/LoginUIKit.framework/Versions/A/Frameworks/LoginUICore.framework/Versions/A/LoginUICore
0x0000000007800000 	/usr/lib/libodfde.dylib
0x0000000124522000 	/Library/Java/JavaVirtualMachines/jdk1.8.0_51.jdk/Contents/Home/jre/lib/libfontmanager.dylib
0x0000000007800000 	/System/Library/Frameworks/OpenGL.framework/Versions/A/Resources/GLEngine.bundle/GLEngine
0x0000000007800000 	/System/Library/Frameworks/OpenGL.framework/Versions/A/Libraries/libGLProgrammability.dylib
0x000000012466f000 	/System/Library/Extensions/AppleIntelHD3000GraphicsGLDriver.bundle/Contents/MacOS/AppleIntelHD3000GraphicsGLDriver
0x0000000007800000 	/System/Library/PrivateFrameworks/GPUSupport.framework/Versions/A/Libraries/libGPUSupport.dylib
0x0000000007800000 	/System/Library/Frameworks/OpenGL.framework/Versions/A/Resources/GLRendererFloat.bundle/GLRendererFloat
0x0000000125094000 	/Library/Java/JavaVirtualMachines/jdk1.8.0_51.jdk/Contents/Home/jre/lib/libosxui.dylib
0x0000000125cdf000 	/Library/Java/JavaVirtualMachines/jdk1.8.0_51.jdk/Contents/Home/jre/lib/libmanagement.dylib
0x000000012913d000 	/Users/suitougreentea/dev/bofu2016bga/lib/native/libMethClaInterface.jnilib
0x0000000129700000 	/Users/suitougreentea/dev/bofu2016bga/lib/native/libmethcla.dylib
0x0000000129808000 	/Users/suitougreentea/dev/bofu2016bga/lib/native/libmpg123.0.dylib
0x00000001299d6000 	/Users/suitougreentea/dev/bofu2016bga/lib/native/libsndfile.1.dylib
0x0000000129a33000 	/Users/suitougreentea/dev/bofu2016bga/lib/native/libFLAC.8.dylib
0x0000000129a5d000 	/Users/suitougreentea/dev/bofu2016bga/lib/native/libvorbisenc.2.dylib
0x0000000129d29000 	/Users/suitougreentea/dev/bofu2016bga/lib/native/libvorbis.0.dylib
0x00000001243a1000 	/Users/suitougreentea/dev/bofu2016bga/lib/native/libogg.0.dylib
0x0000000124ead000 	/System/Library/Extensions/AppleHDA.kext/Contents/PlugIns/AppleHDAHALPlugIn.bundle/Contents/MacOS/AppleHDAHALPlugIn
0x000000016a843000 	/Library/Java/JavaVirtualMachines/jdk1.8.0_51.jdk/Contents/Home/jre/lib/libdcpr.dylib
0x000000016d03c000 	/Library/Java/JavaVirtualMachines/jdk1.8.0_51.jdk/Contents/Home/jre/lib/libnio.dylib
0x000000016d4c2000 	/Library/Java/JavaVirtualMachines/jdk1.8.0_51.jdk/Contents/Home/jre/lib/libt2k.dylib

VM Arguments:
jvm_args: -Djava.library.path=lib/native -Didea.launcher.port=7533 -Didea.launcher.bin.path=/Applications/IntelliJ IDEA.app/Contents/bin -Dfile.encoding=UTF-8 
java_command: com.intellij.rt.execution.application.AppMain io.github.suitougreentea.bofu2016bga.MainKt
java_class_path (initial): /Library/Java/JavaVirtualMachines/jdk1.8.0_51.jdk/Contents/Home/jre/lib/charsets.jar:/Library/Java/JavaVirtualMachines/jdk1.8.0_51.jdk/Contents/Home/jre/lib/deploy.jar:/Library/Java/JavaVirtualMachines/jdk1.8.0_51.jdk/Contents/Home/jre/lib/ext/cldrdata.jar:/Library/Java/JavaVirtualMachines/jdk1.8.0_51.jdk/Contents/Home/jre/lib/ext/dnsns.jar:/Library/Java/JavaVirtualMachines/jdk1.8.0_51.jdk/Contents/Home/jre/lib/ext/jfxrt.jar:/Library/Java/JavaVirtualMachines/jdk1.8.0_51.jdk/Contents/Home/jre/lib/ext/localedata.jar:/Library/Java/JavaVirtualMachines/jdk1.8.0_51.jdk/Contents/Home/jre/lib/ext/nashorn.jar:/Library/Java/JavaVirtualMachines/jdk1.8.0_51.jdk/Contents/Home/jre/lib/ext/sunec.jar:/Library/Java/JavaVirtualMachines/jdk1.8.0_51.jdk/Contents/Home/jre/lib/ext/sunjce_provider.jar:/Library/Java/JavaVirtualMachines/jdk1.8.0_51.jdk/Contents/Home/jre/lib/ext/sunpkcs11.jar:/Library/Java/JavaVirtualMachines/jdk1.8.0_51.jdk/Contents/Home/jre/lib/ext/zipfs.jar:/Library/Java/JavaVirtualMachines/jdk1.8.0_51.jdk/Contents/Home/jre/lib/javaws.jar:/Library/Java/JavaVirtualMachines/jdk1.8.0_51.jdk/Contents/Home/jre/lib/jce.jar:/Library/Java/JavaVirtualMachines/jdk1.8.0_51.jdk/Contents/Home/jre/lib/jfr.jar:/Library/Java/JavaVirtualMachines/jdk1.8.0_51.jdk/Contents/Home/jre/lib/jfxswt.jar:/Library/Java/JavaVirtualMachines/jdk1.8.0_51.jdk/Contents/Home/jre/lib/jsse.jar:/Library/Java/JavaVirtualMachines/jdk1.8.0_51.jdk/Contents/Home/jre/lib/management-agent.jar:/Library/Java/JavaVirtualMachines/jdk1.8.0_51.jdk/Contents/Home/jre/lib/plugin.jar:/Library/Java/JavaVirtualMachines/jdk1.8.0_51.jdk/Contents/Home/jre/lib/resources.jar:/Library/Java/JavaVirtualMachines/jdk1.8.0_51.jdk/Contents/Home/jre/lib/rt.jar:/Library/Java/JavaVirtualMachines/jdk1.8.0_51.jdk/Contents/Home/lib/ant-javafx.jar:/Library/Java/JavaVirtualMachines/jdk1.8.0_51.jdk/Contents/Home/lib/dt.jar:/Library/Java/JavaVirtualMachines/jdk1.8.0_51.jdk/Contents/Home/lib/javafx-mx.jar:/Library/Java/Jav
Launcher Type: SUN_STANDARD

Environment Variables:
JAVA_HOME=/Library/Java/JavaVirtualMachines/jdk1.8.0_51.jdk/Contents/Home
PATH=/Users/suitougreentea/.anyenv/envs/pyenv/versions/3.5.1/bin:/Users/suitougreentea/.anyenv/envs/pyenv/libexec:/Users/suitougreentea/.anyenv/envs/pyenv/plugins/python-build/bin:/Users/suitougreentea/.gvm/vertx/current/bin:/Users/suitougreentea/.gvm/springboot/current/bin:/Users/suitougreentea/.gvm/lazybones/current/bin:/Users/suitougreentea/.gvm/jbossforge/current/bin:/Users/suitougreentea/.gvm/jbake/current/bin:/Users/suitougreentea/.gvm/groovyserv/current/bin:/Users/suitougreentea/.gvm/groovy/current/bin:/Users/suitougreentea/.gvm/griffon/current/bin:/Users/suitougreentea/.gvm/grails/current/bin:/Users/suitougreentea/.gvm/gradle/current/bin:/Users/suitougreentea/.gvm/glide/current/bin:/Users/suitougreentea/.gvm/gaiden/current/bin:/Users/suitougreentea/.gvm/crash/current/bin:/Users/suitougreentea/.gvm/asciidoctorj/current/bin:/usr/local/heroku/bin:/Users/suitougreentea/.anyenv/envs/pyenv/bin:/Users/suitougreentea/.anyenv/envs/ndenv/bin:/Users/suitougreentea/.anyenv/envs/pyenv/shims:/Users/suitougreentea/.anyenv/envs/ndenv/shims:/Users/suitougreentea/.anyenv/bin:/Users/suitougreentea/dotfiles/bin:./node_modules/.bin:/Users/suitougreentea/.linuxbrew/bin:/usr/share/eclipse:/Users/suitougreentea/build/bin:/Users/suitougreentea/.rbenv/shims:/usr/local/sbin:/usr/local/bin:/usr/sbin:/usr/bin:/sbin:/bin:/usr/games:/usr/local/games:/usr/local/bin:/usr/bin:/bin:/usr/sbin:/sbin:/opt/X11/bin:/Library/TeX/texbin
SHELL=/bin/zsh
DISPLAY=/private/tmp/com.apple.launchd.0Ll2E6GfKp/org.macosforge.xquartz:0

Signal Handlers:
SIGSEGV: [libjvm.dylib+0x58ef35], sa_mask[0]=11111111011111110111111111111111, sa_flags=SA_ONSTACK|SA_RESTART|SA_SIGINFO
SIGBUS: [libjvm.dylib+0x58ef35], sa_mask[0]=11111111011111110111111111111111, sa_flags=SA_RESTART|SA_SIGINFO
SIGFPE: [libjvm.dylib+0x46c028], sa_mask[0]=11111111011111110111111111111111, sa_flags=SA_RESTART|SA_SIGINFO
SIGPIPE: [libjvm.dylib+0x46c028], sa_mask[0]=11111111011111110111111111111111, sa_flags=SA_RESTART|SA_SIGINFO
SIGXFSZ: [libjvm.dylib+0x46c028], sa_mask[0]=11111111011111110111111111111111, sa_flags=SA_RESTART|SA_SIGINFO
SIGILL: [libjvm.dylib+0x46c028], sa_mask[0]=11111111011111110111111111111111, sa_flags=SA_RESTART|SA_SIGINFO
SIGUSR1: SIG_DFL, sa_mask[0]=00000000000000000000000000000000, sa_flags=none
SIGUSR2: [libjvm.dylib+0x46bb46], sa_mask[0]=00100000000000000000000000000000, sa_flags=SA_RESTART|SA_SIGINFO
SIGHUP: [libjvm.dylib+0x46a119], sa_mask[0]=11111111011111110111111111111111, sa_flags=SA_RESTART|SA_SIGINFO
SIGINT: [libjvm.dylib+0x46a119], sa_mask[0]=11111111011111110111111111111111, sa_flags=SA_RESTART|SA_SIGINFO
SIGTERM: [libjvm.dylib+0x46a119], sa_mask[0]=11111111011111110111111111111111, sa_flags=SA_RESTART|SA_SIGINFO
SIGQUIT: [libjvm.dylib+0x46a119], sa_mask[0]=11111111011111110111111111111111, sa_flags=SA_RESTART|SA_SIGINFO


---------------  S Y S T E M  ---------------

OS:Bsduname:Darwin 15.5.0 Darwin Kernel Version 15.5.0: Tue Apr 19 18:36:36 PDT 2016; root:xnu-3248.50.21~8/RELEASE_X86_64 x86_64
rlimit: STACK 8192k, CORE 0k, NPROC 709, NOFILE 10240, AS infinity
load average:3.39 2.86 3.04

CPU:total 4 (2 cores per cpu, 2 threads per core) family 6 model 42 stepping 7, cmov, cx8, fxsr, mmx, sse, sse2, sse3, ssse3, sse4.1, sse4.2, popcnt, avx, aes, clmul, ht, tsc, tscinvbit

Memory: 4k page, physical 4194304k(23068k free)

/proc/meminfo:


vm_info: Java HotSpot(TM) 64-Bit Server VM (25.51-b03) for bsd-amd64 JRE (1.8.0_51-b16), built on Jun  8 2015 18:01:11 by "java_re" with gcc 4.2.1 (Based on Apple Inc. build 5658) (LLVM build 2336.11.00)

time: Fri Sep  9 14:59:00 2016
elapsed time: 5 seconds (0d 0h 0m 5s)

